100% labeled data:
[I 2024-05-21 20:29:04,603] A new study created in memory with name: no-name-0129a376-ad7f-4a9b-80a7-575a77b6d445
[I 2024-05-21 20:41:01,273] Trial 0 finished with value: 0.938858687877655 and parameters: {'batch_size_exp': 3, 'last_layer_lr_exp': -3.907747328938958, 'last_layer_weight_decay_exp': -2.6246769827867724, 'second_last_layer_unfreeze_epoch': 7, 'second_last_layer_lr_exp': -1.6481443454359614, 'second_last_layer_weight_decay_exp': -4.842880574837349, 'third_last_layer_unfreeze_epoch': 15, 'third_last_layer_lr_exp': -3.8307695273905265, 'third_last_layer_weight_decay_exp': -1.6551684515217397}. Best is trial 0 with value: 0.938858687877655.
[I 2024-05-21 20:47:26,334] Trial 1 finished with value: 0.9239130616188049 and parameters: {'batch_size_exp': 4, 'last_layer_lr_exp': -2.1058037130842764, 'last_layer_weight_decay_exp': -3.854166582014524, 'second_last_layer_unfreeze_epoch': 10, 'second_last_layer_lr_exp': -1.8537273234250855, 'second_last_layer_weight_decay_exp': -4.3302543194120195, 'third_last_layer_unfreeze_epoch': 13, 'third_last_layer_lr_exp': -2.9306720741580867, 'third_last_layer_weight_decay_exp': -1.696242407870396}. Best is trial 0 with value: 0.938858687877655.
[I 2024-05-21 20:54:27,709] Trial 2 finished with value: 0.9116848111152649 and parameters: {'batch_size_exp': 5, 'last_layer_lr_exp': -3.9187746289322494, 'last_layer_weight_decay_exp': -3.042007018266636, 'second_last_layer_unfreeze_epoch': 6, 'second_last_layer_lr_exp': -1.0991426701122973, 'second_last_layer_weight_decay_exp': -4.388028703068797, 'third_last_layer_unfreeze_epoch': 12, 'third_last_layer_lr_exp': -1.0230121553573759, 'third_last_layer_weight_decay_exp': -2.358590450240902}. Best is trial 0 with value: 0.938858687877655.
[I 2024-05-21 21:00:34,223] Trial 3 finished with value: 0.9307065606117249 and parameters: {'batch_size_exp': 7, 'last_layer_lr_exp': -2.6751978895552853, 'last_layer_weight_decay_exp': -2.755560609310449, 'second_last_layer_unfreeze_epoch': 8, 'second_last_layer_lr_exp': -4.789808285306906, 'second_last_layer_weight_decay_exp': -4.185131504460757, 'third_last_layer_unfreeze_epoch': 11, 'third_last_layer_lr_exp': -2.7929001261334125, 'third_last_layer_weight_decay_exp': -2.082439129773827}. Best is trial 0 with value: 0.938858687877655.
[I 2024-05-21 21:06:42,337] Trial 4 finished with value: 0.917119562625885 and parameters: {'batch_size_exp': 7, 'last_layer_lr_exp': -2.228855404474123, 'last_layer_weight_decay_exp': -2.382008242690776, 'second_last_layer_unfreeze_epoch': 6, 'second_last_layer_lr_exp': -4.435927682291055, 'second_last_layer_weight_decay_exp': -1.0606935803884068, 'third_last_layer_unfreeze_epoch': 12, 'third_last_layer_lr_exp': -3.3902464578876943, 'third_last_layer_weight_decay_exp': -4.899364572991097}. Best is trial 0 with value: 0.938858687877655.
[I 2024-05-21 21:12:52,851] Trial 5 finished with value: 0.9293478727340698 and parameters: {'batch_size_exp': 3, 'last_layer_lr_exp': -3.3726431008176894, 'last_layer_weight_decay_exp': -2.778405539440065, 'second_last_layer_unfreeze_epoch': 10, 'second_last_layer_lr_exp': -1.4432774910904684, 'second_last_layer_weight_decay_exp': -1.6205218775401433, 'third_last_layer_unfreeze_epoch': 14, 'third_last_layer_lr_exp': -4.608543353066006, 'third_last_layer_weight_decay_exp': -2.328256840429527}. Best is trial 0 with value: 0.938858687877655.
[I 2024-05-21 21:19:38,815] Trial 6 finished with value: 0.9334239363670349 and parameters: {'batch_size_exp': 7, 'last_layer_lr_exp': -3.4120933063137224, 'last_layer_weight_decay_exp': -3.467699548562674, 'second_last_layer_unfreeze_epoch': 4, 'second_last_layer_lr_exp': -4.237602243221778, 'second_last_layer_weight_decay_exp': -1.5047254722139605, 'third_last_layer_unfreeze_epoch': 13, 'third_last_layer_lr_exp': -2.9547700511736887, 'third_last_layer_weight_decay_exp': -2.3470183290859885}. Best is trial 0 with value: 0.938858687877655.
[I 2024-05-21 21:29:10,816] Trial 7 finished with value: 0.936141312122345 and parameters: {'batch_size_exp': 7, 'last_layer_lr_exp': -2.4980379918846474, 'last_layer_weight_decay_exp': -2.071980225203914, 'second_last_layer_unfreeze_epoch': 6, 'second_last_layer_lr_exp': -1.2590894898908438, 'second_last_layer_weight_decay_exp': -3.3496949147159167, 'third_last_layer_unfreeze_epoch': 15, 'third_last_layer_lr_exp': -2.5632914917735214, 'third_last_layer_weight_decay_exp': -4.336003020592496}. Best is trial 0 with value: 0.938858687877655.
[I 2024-05-21 21:33:10,263] Trial 8 finished with value: 0.904891312122345 and parameters: {'batch_size_exp': 7, 'last_layer_lr_exp': -2.236522928745752, 'last_layer_weight_decay_exp': -2.221061867362544, 'second_last_layer_unfreeze_epoch': 10, 'second_last_layer_lr_exp': -1.074706142479478, 'second_last_layer_weight_decay_exp': -4.241225029930483, 'third_last_layer_unfreeze_epoch': 10, 'third_last_layer_lr_exp': -2.2267425293112946, 'third_last_layer_weight_decay_exp': -1.594219614321581}. Best is trial 0 with value: 0.938858687877655.
[I 2024-05-21 21:43:16,721] Trial 9 finished with value: 0.9402174353599548 and parameters: {'batch_size_exp': 7, 'last_layer_lr_exp': -2.781121861971081, 'last_layer_weight_decay_exp': -3.22137631947893, 'second_last_layer_unfreeze_epoch': 1, 'second_last_layer_lr_exp': -1.4337766863916932, 'second_last_layer_weight_decay_exp': -1.4781893538866644, 'third_last_layer_unfreeze_epoch': 10, 'third_last_layer_lr_exp': -3.623827191239789, 'third_last_layer_weight_decay_exp': -3.8984309933088444}. Best is trial 9 with value: 0.9402174353599548.
[I 2024-05-21 21:52:13,728] Trial 10 finished with value: 0.94972825050354 and parameters: {'batch_size_exp': 5, 'last_layer_lr_exp': -3.029599166604176, 'last_layer_weight_decay_exp': -3.3260571689673757, 'second_last_layer_unfreeze_epoch': 1, 'second_last_layer_lr_exp': -2.6556795609913717, 'second_last_layer_weight_decay_exp': -2.431330678343722, 'third_last_layer_unfreeze_epoch': 5, 'third_last_layer_lr_exp': -4.560221648830845, 'third_last_layer_weight_decay_exp': -3.5738029068807817}. Best is trial 10 with value: 0.94972825050354.
[I 2024-05-21 22:01:12,874] Trial 11 finished with value: 0.9510869979858398 and parameters: {'batch_size_exp': 5, 'last_layer_lr_exp': -2.8552450749872538, 'last_layer_weight_decay_exp': -3.262432218991849, 'second_last_layer_unfreeze_epoch': 1, 'second_last_layer_lr_exp': -2.635150903871032, 'second_last_layer_weight_decay_exp': -2.394793163781819, 'third_last_layer_unfreeze_epoch': 4, 'third_last_layer_lr_exp': -4.8965012088919515, 'third_last_layer_weight_decay_exp': -3.543387070729529}. Best is trial 11 with value: 0.9510869979858398.
[I 2024-05-21 22:13:44,547] Trial 12 finished with value: 0.948369562625885 and parameters: {'batch_size_exp': 5, 'last_layer_lr_exp': -3.1738460970740285, 'last_layer_weight_decay_exp': -3.575122879739251, 'second_last_layer_unfreeze_epoch': 1, 'second_last_layer_lr_exp': -2.8323589393623765, 'second_last_layer_weight_decay_exp': -2.512593906480453, 'third_last_layer_unfreeze_epoch': 4, 'third_last_layer_lr_exp': -4.97868217021317, 'third_last_layer_weight_decay_exp': -3.317142913588854}. Best is trial 11 with value: 0.9510869979858398.
[I 2024-05-21 22:26:06,468] Trial 13 finished with value: 0.94701087474823 and parameters: {'batch_size_exp': 6, 'last_layer_lr_exp': -2.9854565027255413, 'last_layer_weight_decay_exp': -3.2685708299932172, 'second_last_layer_unfreeze_epoch': 3, 'second_last_layer_lr_exp': -2.758350675469257, 'second_last_layer_weight_decay_exp': -2.447497221398523, 'third_last_layer_unfreeze_epoch': 4, 'third_last_layer_lr_exp': -4.252939912873964, 'third_last_layer_weight_decay_exp': -3.287237752584887}. Best is trial 11 with value: 0.9510869979858398.
[I 2024-05-21 22:35:13,830] Trial 14 finished with value: 0.948369562625885 and parameters: {'batch_size_exp': 4, 'last_layer_lr_exp': -3.0889524113803115, 'last_layer_weight_decay_exp': -3.9995577093959516, 'second_last_layer_unfreeze_epoch': 3, 'second_last_layer_lr_exp': -3.5255459393232074, 'second_last_layer_weight_decay_exp': -3.1887087235243445, 'third_last_layer_unfreeze_epoch': 7, 'third_last_layer_lr_exp': -4.255980971999207, 'third_last_layer_weight_decay_exp': -3.8555652217200462}. Best is trial 11 with value: 0.9510869979858398.
[I 2024-05-21 22:47:57,170] Trial 15 finished with value: 0.948369562625885 and parameters: {'batch_size_exp': 6, 'last_layer_lr_exp': -3.5289791262813814, 'last_layer_weight_decay_exp': -3.6115226717828115, 'second_last_layer_unfreeze_epoch': 2, 'second_last_layer_lr_exp': -2.28870524866325, 'second_last_layer_weight_decay_exp': -2.5167724155129747, 'third_last_layer_unfreeze_epoch': 2, 'third_last_layer_lr_exp': -4.818578197258252, 'third_last_layer_weight_decay_exp': -3.7989928774936197}. Best is trial 11 with value: 0.9510869979858398.
[I 2024-05-21 22:56:01,872] Trial 16 finished with value: 0.9442934989929199 and parameters: {'batch_size_exp': 4, 'last_layer_lr_exp': -2.821869701047348, 'last_layer_weight_decay_exp': -3.0285141279621532, 'second_last_layer_unfreeze_epoch': 4, 'second_last_layer_lr_exp': -3.471353755360212, 'second_last_layer_weight_decay_exp': -2.059777366538855, 'third_last_layer_unfreeze_epoch': 7, 'third_last_layer_lr_exp': -4.219767486983657, 'third_last_layer_weight_decay_exp': -2.948264550963027}. Best is trial 11 with value: 0.9510869979858398.
[I 2024-05-21 23:04:39,626] Trial 17 finished with value: 0.9347826242446899 and parameters: {'batch_size_exp': 6, 'last_layer_lr_exp': -2.4631990408474533, 'last_layer_weight_decay_exp': -3.328963354607853, 'second_last_layer_unfreeze_epoch': 1, 'second_last_layer_lr_exp': -2.311275566902564, 'second_last_layer_weight_decay_exp': -3.579608961804161, 'third_last_layer_unfreeze_epoch': 1, 'third_last_layer_lr_exp': -1.6852016950999413, 'third_last_layer_weight_decay_exp': -1.0374605363779392}. Best is trial 11 with value: 0.9510869979858398.
[W 2024-05-21 23:04:50,850] Trial 18 failed with parameters: {'batch_size_exp': 5, 'last_layer_lr_exp': -3.65709361564062, 'last_layer_weight_decay_exp': -3.7469086814005452, 'second_last_layer_unfreeze_epoch': 3, 'second_last_layer_lr_exp': -3.407345373040463, 'second_last_layer_weight_decay_exp': -2.938058183654751, 'third_last_layer_unfreeze_epoch': 7, 'third_last_layer_lr_exp': -4.54956020686174, 'third_last_layer_weight_decay_exp': -2.9715593848887742} because of the following error: KeyboardInterrupt().


10% labeled data - purely supervised:
best: FrozenTrial(number=18, state=TrialState.COMPLETE, values=[0.9021739363670349], datetime_start=datetime.datetime(2024, 5, 23, 16, 4, 55, 70781), datetime_complete=datetime.datetime(2024, 5, 23, 16, 8, 20, 65350), params={'batch_size_exp': 4, 'unlabelled_batch_size_exp': 7, 'last_layer_lr_exp': -3.398996144030407, 'last_layer_weight_decay_exp': -2.9795978148010187, 'second_last_layer_unfreeze_epoch': 2, 'second_last_layer_lr_exp': -2.3972013987487255, 'second_last_layer_weight_decay_exp': -2.8294881275940478, 'third_last_layer_unfreeze_epoch': 2, 'third_last_layer_lr_exp': -3.7342530953948434, 'third_last_layer_weight_decay_exp': -3.4232783899429546}, user_attrs={}, system_attrs={}, intermediate_values={}, distributions={'batch_size_exp': IntDistribution(high=7, log=False, low=3, step=1), 'unlabelled_batch_size_exp': IntDistribution(high=8, log=False, low=4, step=1), 'last_layer_lr_exp': FloatDistribution(high=-2.0, log=False, low=-4.0, step=None), 'last_layer_weight_decay_exp': FloatDistribution(high=-2.0, log=False, low=-4.0, step=None), 'second_last_layer_unfreeze_epoch': IntDistribution(high=10, log=False, low=1, step=1), 'second_last_layer_lr_exp': FloatDistribution(high=-1.0, log=False, low=-5.0, step=None), 'second_last_layer_weight_decay_exp': FloatDistribution(high=-1.0, log=False, low=-5.0, step=None), 'third_last_layer_unfreeze_epoch': IntDistribution(high=15, log=False, low=2, step=1), 'third_last_layer_lr_exp': FloatDistribution(high=-1.0, log=False, low=-5.0, step=None), 'third_last_layer_weight_decay_exp': FloatDistribution(high=-1.0, log=False, low=-5.0, step=None)}, trial_id=18, value=None)


50% labeled data - purely supervised:
best: FrozenTrial(number=13, state=TrialState.COMPLETE, values=[0.938858687877655], datetime_start=datetime.datetime(2024, 5, 23, 19, 33, 0, 767853), datetime_complete=datetime.datetime(2024, 5, 23, 19, 41, 34, 890639), params={'batch_size_exp': 7, 'last_layer_lr_exp': -3.569328818993122, 'last_layer_weight_decay_exp': -2.031454255250621, 'second_last_layer_unfreeze_epoch': 5, 'second_last_layer_lr_exp': -2.934259301961372, 'second_last_layer_weight_decay_exp': -2.2887823586585436, 'third_last_layer_unfreeze_epoch': 6, 'third_last_layer_lr_exp': -3.974546742456829, 'third_last_layer_weight_decay_exp': -2.426015616719093}, user_attrs={}, system_attrs={}, intermediate_values={}, distributions={'batch_size_exp': IntDistribution(high=7, log=False, low=3, step=1), 'last_layer_lr_exp': FloatDistribution(high=-2.0, log=False, low=-4.0, step=None), 'last_layer_weight_decay_exp': FloatDistribution(high=-2.0, log=False, low=-4.0, step=None), 'second_last_layer_unfreeze_epoch': IntDistribution(high=10, log=False, low=1, step=1), 'second_last_layer_lr_exp': FloatDistribution(high=-1.0, log=False, low=-5.0, step=None), 'second_last_layer_weight_decay_exp': FloatDistribution(high=-1.0, log=False, low=-5.0, step=None), 'third_last_layer_unfreeze_epoch': IntDistribution(high=15, log=False, low=5, step=1), 'third_last_layer_lr_exp': FloatDistribution(high=-1.0, log=False, low=-5.0, step=None), 'third_last_layer_weight_decay_exp': FloatDistribution(high=-1.0, log=False, low=-5.0, step=None)}, trial_id=13, value=None)


10% labeled data - semi-supervised:
[I 2024-05-24 01:28:21,871] A new study created in memory with name: no-name-7d8b90a1-5769-406b-ae4a-4717cbf1ea35
 31%|███       | 31/100 [04:32<10:05,  8.78s/it]
[I 2024-05-24 01:32:54,202] Trial 0 finished with value: 0.9008152484893799 and parameters: {'batch_size_exp': 5, 'unlabelled_batch_size_exp': 7, 'T_1': 3, 'T_2': 22, 'ALPHA_F_exp': -1.1041234747616966, 'last_layer_lr_exp': -3.176588814948234, 'last_layer_weight_decay_exp': -3.7692142805709867, 'second_last_layer_unfreeze_epoch': 7, 'second_last_layer_lr_exp': -1.798224687515579, 'second_last_layer_weight_decay_exp': -3.51159418840266, 'third_last_layer_unfreeze_epoch': 8, 'third_last_layer_lr_exp': -3.3616489626286588, 'third_last_layer_weight_decay_exp': -3.7663329709232114}. Best is trial 0 with value: 0.9008152484893799.
  0%|          | 0/100 [00:00<?, ?it/s]c:\Users\georg\anaconda3\envs\kth_deep_learning_project\lib\site-packages\torch\nn\modules\conv.py:456: UserWarning: Plan failed with a cudnnException: CUDNN_BACKEND_EXECUTION_PLAN_DESCRIPTOR: cudnnFinalize Descriptor Failed cudnn_status: CUDNN_STATUS_NOT_SUPPORTED (Triggered internally at ..\aten\src\ATen\native\cudnn\Conv_v8.cpp:919.)
  return F.conv2d(input, weight, bias, self.stride,
 26%|██▌       | 26/100 [02:12<06:16,  5.08s/it]
[I 2024-05-24 01:35:06,538] Trial 1 finished with value: 0.8464674353599548 and parameters: {'batch_size_exp': 7, 'unlabelled_batch_size_exp': 7, 'T_1': 14, 'T_2': 40, 'ALPHA_F_exp': -0.590181318755139, 'last_layer_lr_exp': -3.639269958722201, 'last_layer_weight_decay_exp': -2.0061588359584466, 'second_last_layer_unfreeze_epoch': 10, 'second_last_layer_lr_exp': -3.423041404540911, 'second_last_layer_weight_decay_exp': -2.985946306523016, 'third_last_layer_unfreeze_epoch': 14, 'third_last_layer_lr_exp': -1.7765952714144202, 'third_last_layer_weight_decay_exp': -2.3241760659728317}. Best is trial 0 with value: 0.9008152484893799.
 19%|█▉        | 19/100 [01:31<06:29,  4.81s/it]
[I 2024-05-24 01:36:38,220] Trial 2 finished with value: 0.8709239363670349 and parameters: {'batch_size_exp': 5, 'unlabelled_batch_size_exp': 3, 'T_1': 26, 'T_2': 52, 'ALPHA_F_exp': -0.7136439275614275, 'last_layer_lr_exp': -2.6558096239837448, 'last_layer_weight_decay_exp': -2.2399391648336326, 'second_last_layer_unfreeze_epoch': 3, 'second_last_layer_lr_exp': -2.703095977988544, 'second_last_layer_weight_decay_exp': -2.269645689746044, 'third_last_layer_unfreeze_epoch': 11, 'third_last_layer_lr_exp': -1.891812915656641, 'third_last_layer_weight_decay_exp': -2.489208052481216}. Best is trial 0 with value: 0.9008152484893799.
 30%|███       | 30/100 [07:13<16:51, 14.44s/it]
[I 2024-05-24 01:43:51,745] Trial 3 finished with value: 0.8804348111152649 and parameters: {'batch_size_exp': 4, 'unlabelled_batch_size_exp': 7, 'T_1': 2, 'T_2': 35, 'ALPHA_F_exp': 1.1428043051095185, 'last_layer_lr_exp': -3.069680177984422, 'last_layer_weight_decay_exp': -3.691588403208499, 'second_last_layer_unfreeze_epoch': 2, 'second_last_layer_lr_exp': -2.069301001219849, 'second_last_layer_weight_decay_exp': -3.641511754307799, 'third_last_layer_unfreeze_epoch': 10, 'third_last_layer_lr_exp': -3.6885810121750677, 'third_last_layer_weight_decay_exp': -1.1564023693527492}. Best is trial 0 with value: 0.9008152484893799.
 32%|███▏      | 32/100 [05:06<10:50,  9.56s/it]
[I 2024-05-24 01:48:58,044] Trial 4 finished with value: 0.88451087474823 and parameters: {'batch_size_exp': 5, 'unlabelled_batch_size_exp': 7, 'T_1': 3, 'T_2': 16, 'ALPHA_F_exp': -0.29049076043340216, 'last_layer_lr_exp': -2.85225585295833, 'last_layer_weight_decay_exp': -3.46764314582932, 'second_last_layer_unfreeze_epoch': 5, 'second_last_layer_lr_exp': -4.048761637391708, 'second_last_layer_weight_decay_exp': -2.9801555055051168, 'third_last_layer_unfreeze_epoch': 8, 'third_last_layer_lr_exp': -2.7678756441473107, 'third_last_layer_weight_decay_exp': -2.394327885329399}. Best is trial 0 with value: 0.9008152484893799.
 24%|██▍       | 24/100 [02:40<08:27,  6.68s/it]
[I 2024-05-24 01:51:38,526] Trial 5 finished with value: 0.6413043737411499 and parameters: {'batch_size_exp': 3, 'unlabelled_batch_size_exp': 4, 'T_1': 13, 'T_2': 14, 'ALPHA_F_exp': 1.6337943449391057, 'last_layer_lr_exp': -3.8245694456502144, 'last_layer_weight_decay_exp': -2.5606453086690477, 'second_last_layer_unfreeze_epoch': 6, 'second_last_layer_lr_exp': -1.6931547143171852, 'second_last_layer_weight_decay_exp': -1.2566936143599587, 'third_last_layer_unfreeze_epoch': 15, 'third_last_layer_lr_exp': -3.5841322752123927, 'third_last_layer_weight_decay_exp': -3.1397137460309925}. Best is trial 0 with value: 0.9008152484893799.
 15%|█▌        | 15/100 [01:17<07:17,  5.15s/it]
[I 2024-05-24 01:52:56,035] Trial 6 finished with value: 0.67798912525177 and parameters: {'batch_size_exp': 7, 'unlabelled_batch_size_exp': 6, 'T_1': 4, 'T_2': 15, 'ALPHA_F_exp': 1.1593352864049566, 'last_layer_lr_exp': -2.8051593735029403, 'last_layer_weight_decay_exp': -3.3961549593409135, 'second_last_layer_unfreeze_epoch': 1, 'second_last_layer_lr_exp': -3.2105410556327723, 'second_last_layer_weight_decay_exp': -1.4969485393192263, 'third_last_layer_unfreeze_epoch': 10, 'third_last_layer_lr_exp': -4.29336195862439, 'third_last_layer_weight_decay_exp': -2.86632419457232}. Best is trial 0 with value: 0.9008152484893799.
 26%|██▌       | 26/100 [02:30<07:07,  5.78s/it]
[I 2024-05-24 01:55:26,433] Trial 7 finished with value: 0.86548912525177 and parameters: {'batch_size_exp': 4, 'unlabelled_batch_size_exp': 3, 'T_1': 16, 'T_2': 34, 'ALPHA_F_exp': 1.025874805872542, 'last_layer_lr_exp': -3.5845584167159386, 'last_layer_weight_decay_exp': -3.29363917465814, 'second_last_layer_unfreeze_epoch': 8, 'second_last_layer_lr_exp': -4.312166295214069, 'second_last_layer_weight_decay_exp': -2.229839887690901, 'third_last_layer_unfreeze_epoch': 10, 'third_last_layer_lr_exp': -2.4258521750894375, 'third_last_layer_weight_decay_exp': -3.5545058278351687}. Best is trial 0 with value: 0.9008152484893799.
 21%|██        | 21/100 [01:41<06:22,  4.84s/it]
[I 2024-05-24 01:57:08,237] Trial 8 finished with value: 0.782608687877655 and parameters: {'batch_size_exp': 5, 'unlabelled_batch_size_exp': 6, 'T_1': 28, 'T_2': 35, 'ALPHA_F_exp': -0.3300744074459323, 'last_layer_lr_exp': -3.2558316089734056, 'last_layer_weight_decay_exp': -2.7110894931102543, 'second_last_layer_unfreeze_epoch': 4, 'second_last_layer_lr_exp': -3.76709221084215, 'second_last_layer_weight_decay_exp': -2.5307897873466123, 'third_last_layer_unfreeze_epoch': 11, 'third_last_layer_lr_exp': -2.0909766579028206, 'third_last_layer_weight_decay_exp': -1.1471644701501287}. Best is trial 0 with value: 0.9008152484893799.
 15%|█▌        | 15/100 [01:14<07:00,  4.94s/it]
[I 2024-05-24 01:58:22,629] Trial 9 finished with value: 0.7350543737411499 and parameters: {'batch_size_exp': 6, 'unlabelled_batch_size_exp': 3, 'T_1': 3, 'T_2': 46, 'ALPHA_F_exp': 1.102228912404697, 'last_layer_lr_exp': -2.866718750929146, 'last_layer_weight_decay_exp': -3.6420999437490877, 'second_last_layer_unfreeze_epoch': 7, 'second_last_layer_lr_exp': -3.8904554506605122, 'second_last_layer_weight_decay_exp': -2.063736840367802, 'third_last_layer_unfreeze_epoch': 13, 'third_last_layer_lr_exp': -1.7644354626417966, 'third_last_layer_weight_decay_exp': -2.274008104733983}. Best is trial 0 with value: 0.9008152484893799.
 40%|████      | 40/100 [06:46<10:09, 10.17s/it]
[I 2024-05-24 02:05:09,517] Trial 10 finished with value: 0.845108687877655 and parameters: {'batch_size_exp': 3, 'unlabelled_batch_size_exp': 5, 'T_1': 9, 'T_2': 26, 'ALPHA_F_exp': -1.9580480793715371, 'last_layer_lr_exp': -2.1716829389152936, 'last_layer_weight_decay_exp': -3.9389568045325656, 'second_last_layer_unfreeze_epoch': 10, 'second_last_layer_lr_exp': -1.1568996917247791, 'second_last_layer_weight_decay_exp': -4.791727857035915, 'third_last_layer_unfreeze_epoch': 13, 'third_last_layer_lr_exp': -1.1307818527612468, 'third_last_layer_weight_decay_exp': -4.86976295517656}. Best is trial 0 with value: 0.9008152484893799.
 22%|██▏       | 22/100 [02:19<08:16,  6.36s/it]
