[I 2024-05-25 20:29:43,353] Trial 6 finished with value: 0.9307065606117249 and parameters: {}. Best is trial 1 with value: 0.9402174353599548.
Test accuracy: 90.90%
Iteration 0 (cur_pseudo_labeled_samples_ratio: 0.0)
 23%|██▎       | 23/100 [00:46<02:34,  2.00s/it]
Validation accuracy: 93.75%
Test accuracy: 90.98%

Iteration 1 (cur_pseudo_labeled_samples_ratio: 0.2)
 25%|██▌       | 25/100 [00:56<02:49,  2.26s/it]
Validation accuracy: 93.75%
Test accuracy: 90.79%

Iteration 2 (cur_pseudo_labeled_samples_ratio: 0.4)
 29%|██▉       | 29/100 [01:13<02:58,  2.52s/it]
Validation accuracy: 93.34%
Test accuracy: 91.31%

Iteration 3 (cur_pseudo_labeled_samples_ratio: 0.6000000000000001)
 37%|███▋      | 37/100 [01:42<02:54,  2.77s/it]
Validation accuracy: 93.61%
Test accuracy: 90.98%

Iteration 4 (cur_pseudo_labeled_samples_ratio: 0.8)
 21%|██        | 21/100 [01:05<04:05,  3.10s/it]
Validation accuracy: 92.93%
Test accuracy: 90.90%

Iteration 5 (cur_pseudo_labeled_samples_ratio: 1.0)
 24%|██▍       | 24/100 [01:20<04:16,  3.37s/it]
Validation accuracy: 92.80%
[I 2024-05-25 20:38:19,570] Trial 7 finished with value: 0.92798912525177 and parameters: {}. Best is trial 1 with value: 0.9402174353599548.
Test accuracy: 91.01%
Iteration 0 (cur_pseudo_labeled_samples_ratio: 0.0)
 29%|██▉       | 29/100 [00:57<02:20,  1.97s/it]
Validation accuracy: 94.02%
Test accuracy: 91.71%

Iteration 1 (cur_pseudo_labeled_samples_ratio: 0.2)
 31%|███       | 31/100 [01:09<02:33,  2.23s/it]
Validation accuracy: 93.61%
Test accuracy: 90.62%

Iteration 2 (cur_pseudo_labeled_samples_ratio: 0.4)
 28%|██▊       | 28/100 [01:10<03:00,  2.51s/it]
Validation accuracy: 93.75%
Test accuracy: 90.79%

Iteration 3 (cur_pseudo_labeled_samples_ratio: 0.6000000000000001)
 26%|██▌       | 26/100 [01:12<03:26,  2.79s/it]
Validation accuracy: 93.07%
Test accuracy: 90.43%

Iteration 4 (cur_pseudo_labeled_samples_ratio: 0.8)
 32%|███▏      | 32/100 [01:38<03:28,  3.06s/it]
Validation accuracy: 93.48%
Test accuracy: 90.95%

Iteration 5 (cur_pseudo_labeled_samples_ratio: 1.0)
 18%|█▊        | 18/100 [01:01<04:41,  3.43s/it]
Validation accuracy: 93.34%
[I 2024-05-25 20:46:55,114] Trial 8 finished with value: 0.9334239363670349 and parameters: {}. Best is trial 1 with value: 0.9402174353599548.
Test accuracy: 90.30%
Iteration 0 (cur_pseudo_labeled_samples_ratio: 0.0)
 24%|██▍       | 24/100 [00:48<02:32,  2.00s/it]
Validation accuracy: 93.48%
Test accuracy: 90.32%

Iteration 1 (cur_pseudo_labeled_samples_ratio: 0.2)
 25%|██▌       | 25/100 [00:57<02:51,  2.28s/it]
Validation accuracy: 93.48%
Test accuracy: 90.54%

Iteration 2 (cur_pseudo_labeled_samples_ratio: 0.4)
 36%|███▌      | 36/100 [01:30<02:41,  2.52s/it]
Validation accuracy: 93.48%
Test accuracy: 90.62%

Iteration 3 (cur_pseudo_labeled_samples_ratio: 0.6000000000000001)
 37%|███▋      | 37/100 [01:43<02:56,  2.80s/it]
Validation accuracy: 93.75%
Test accuracy: 90.54%

Iteration 4 (cur_pseudo_labeled_samples_ratio: 0.8)
 20%|██        | 20/100 [01:02<04:11,  3.14s/it]
Validation accuracy: 92.80%
Test accuracy: 90.49%

Iteration 5 (cur_pseudo_labeled_samples_ratio: 1.0)
 34%|███▍      | 34/100 [01:53<03:39,  3.33s/it]
Validation accuracy: 92.93%
[I 2024-05-25 20:56:22,923] Trial 9 finished with value: 0.9293478727340698 and parameters: {}. Best is trial 1 with value: 0.9402174353599548.
Test accuracy: 90.41%

50% labeled:

hyperparameters:
batch_size_exp = 5  # 7
last_layer_lr_exp = -3.569328818993122
last_layer_weight_decay_exp = -2.031454255250621
second_last_layer_unfreeze_epoch = 5
second_last_layer_lr_exp = -2.934259301961372
second_last_layer_weight_decay_exp = -2.2887823586585436
third_last_layer_unfreeze_epoch = 6
third_last_layer_lr_exp = -3.974546742456829
third_last_layer_weight_decay_exp = -2.426015616719093

test accuracies (%):
purely supervised:
90.87, 90.60, 90.60, 91.03, 90.62, 90.32, 90.81, 90.98, 91.71, 90.32
curriculum labeling (from iteration with highest val):
90.11, 90.65, 91.03, 90.46, 90.46, 90.32, 90.90, 90.98, 91.71, 90.54
curriculum labeling (from last iteration):
90.11, 90.65, 90.46, 90.46, 90.46, 90.32, 90.90, 91.01, 90.30, 90.41


-----------------------------------------------------------------------


