[I 2024-05-24 02:07:29,746] Trial 11 finished with value: 0.8464674353599548 and parameters: {'batch_size_exp': 6, 'unlabelled_batch_size_exp': 7, 'T_1': 8, 'T_2': 22, 'ALPHA_F_exp': -1.3974629681366815, 'last_layer_lr_exp': -2.3144843441428273, 'last_layer_weight_decay_exp': -3.135949497422541, 'second_last_layer_unfreeze_epoch': 5, 'second_last_layer_lr_exp': -4.758818532162991, 'second_last_layer_weight_decay_exp': -4.026164279491914, 'third_last_layer_unfreeze_epoch': 6, 'third_last_layer_lr_exp': -2.770296187375536, 'third_last_layer_weight_decay_exp': -4.112378426651906}. Best is trial 0 with value: 0.9008152484893799.
 27%|██▋       | 27/100 [03:04<08:18,  6.83s/it]
[I 2024-05-24 02:10:34,444] Trial 12 finished with value: 0.88451087474823 and parameters: {'batch_size_exp': 4, 'unlabelled_batch_size_exp': 6, 'T_1': 20, 'T_2': 26, 'ALPHA_F_exp': 0.44643541577388013, 'last_layer_lr_exp': -3.2651086622909857, 'last_layer_weight_decay_exp': -3.964188846710564, 'second_last_layer_unfreeze_epoch': 8, 'second_last_layer_lr_exp': -2.683168175426818, 'second_last_layer_weight_decay_exp': -3.589631420097465, 'third_last_layer_unfreeze_epoch': 8, 'third_last_layer_lr_exp': -4.973722449926651, 'third_last_layer_weight_decay_exp': -3.974355178750105}. Best is trial 0 with value: 0.9008152484893799.
 26%|██▌       | 26/100 [02:17<06:32,  5.30s/it]
[I 2024-05-24 02:12:52,597] Trial 13 finished with value: 0.873641312122345 and parameters: {'batch_size_exp': 6, 'unlabelled_batch_size_exp': 5, 'T_1': 8, 'T_2': 9, 'ALPHA_F_exp': -1.2228784074432972, 'last_layer_lr_exp': -2.4156060947655504, 'last_layer_weight_decay_exp': -3.5616554456279346, 'second_last_layer_unfreeze_epoch': 5, 'second_last_layer_lr_exp': -2.0621705038056386, 'second_last_layer_weight_decay_exp': -3.1007274330038648, 'third_last_layer_unfreeze_epoch': 6, 'third_last_layer_lr_exp': -3.336420460175532, 'third_last_layer_weight_decay_exp': -4.916485627720181}. Best is trial 0 with value: 0.9008152484893799.
 25%|██▌       | 25/100 [04:07<12:23,  9.91s/it]
[I 2024-05-24 02:17:00,682] Trial 14 finished with value: 0.8573369979858398 and parameters: {'batch_size_exp': 5, 'unlabelled_batch_size_exp': 7, 'T_1': 1, 'T_2': 2, 'ALPHA_F_exp': 0.27157591285209204, 'last_layer_lr_exp': -3.2140202518817302, 'last_layer_weight_decay_exp': -3.026448281268197, 'second_last_layer_unfreeze_epoch': 7, 'second_last_layer_lr_exp': -1.003722044185074, 'second_last_layer_weight_decay_exp': -4.484222909208647, 'third_last_layer_unfreeze_epoch': 8, 'third_last_layer_lr_exp': -2.8933349109892164, 'third_last_layer_weight_decay_exp': -1.8052640896644032}. Best is trial 0 with value: 0.9008152484893799.
 25%|██▌       | 25/100 [03:51<11:33,  9.25s/it]
[I 2024-05-24 02:20:52,244] Trial 15 finished with value: 0.8586956858634949 and parameters: {'batch_size_exp': 4, 'unlabelled_batch_size_exp': 6, 'T_1': 6, 'T_2': 21, 'ALPHA_F_exp': -1.1104362370185425, 'last_layer_lr_exp': -2.568853857372465, 'last_layer_weight_decay_exp': -3.3864401318520616, 'second_last_layer_unfreeze_epoch': 4, 'second_last_layer_lr_exp': -4.9261620598512055, 'second_last_layer_weight_decay_exp': -3.12685298478349, 'third_last_layer_unfreeze_epoch': 4, 'third_last_layer_lr_exp': -4.074729759877243, 'third_last_layer_weight_decay_exp': -3.4703277173541345}. Best is trial 0 with value: 0.9008152484893799.
 30%|███       | 30/100 [02:45<06:27,  5.53s/it]
[I 2024-05-24 02:23:38,414] Trial 16 finished with value: 0.8817934989929199 and parameters: {'batch_size_exp': 6, 'unlabelled_batch_size_exp': 7, 'T_1': 21, 'T_2': 30, 'ALPHA_F_exp': -1.9669643117062758, 'last_layer_lr_exp': -3.487930836928441, 'last_layer_weight_decay_exp': -3.810863018527961, 'second_last_layer_unfreeze_epoch': 6, 'second_last_layer_lr_exp': -4.153597498282499, 'second_last_layer_weight_decay_exp': -3.773261299355458, 'third_last_layer_unfreeze_epoch': 8, 'third_last_layer_lr_exp': -3.200320469210752, 'third_last_layer_weight_decay_exp': -4.163902197254018}. Best is trial 0 with value: 0.9008152484893799.
 21%|██        | 21/100 [01:51<06:59,  5.31s/it]
[I 2024-05-24 02:25:30,270] Trial 17 finished with value: 0.8682065606117249 and parameters: {'batch_size_exp': 5, 'unlabelled_batch_size_exp': 4, 'T_1': 11, 'T_2': 19, 'ALPHA_F_exp': -0.023894690919707307, 'last_layer_lr_exp': -3.9817449987843228, 'last_layer_weight_decay_exp': -2.7254541210747245, 'second_last_layer_unfreeze_epoch': 8, 'second_last_layer_lr_exp': -2.648087460164711, 'second_last_layer_weight_decay_exp': -4.197269965022617, 'third_last_layer_unfreeze_epoch': 9, 'third_last_layer_lr_exp': -2.4588312498859866, 'third_last_layer_weight_decay_exp': -1.9157541189472023}. Best is trial 0 with value: 0.9008152484893799.
 52%|█████▏    | 52/100 [06:18<05:49,  7.28s/it]
[I 2024-05-24 02:31:49,187] Trial 18 finished with value: 0.873641312122345 and parameters: {'batch_size_exp': 5, 'unlabelled_batch_size_exp': 6, 'T_1': 5, 'T_2': 9, 'ALPHA_F_exp': -1.0140130159054004, 'last_layer_lr_exp': -2.956453948780606, 'last_layer_weight_decay_exp': -3.5069793963804816, 'second_last_layer_unfreeze_epoch': 9, 'second_last_layer_lr_exp': -1.6502091823690974, 'second_last_layer_weight_decay_exp': -2.7872301052698605, 'third_last_layer_unfreeze_epoch': 12, 'third_last_layer_lr_exp': -4.198781753007976, 'third_last_layer_weight_decay_exp': -2.8823629617913866}. Best is trial 0 with value: 0.9008152484893799.
 31%|███       | 31/100 [02:59<06:39,  5.79s/it]
[I 2024-05-24 02:34:48,936] Trial 19 finished with value: 0.873641312122345 and parameters: {'batch_size_exp': 6, 'unlabelled_batch_size_exp': 7, 'T_1': 18, 'T_2': 28, 'ALPHA_F_exp': -1.5615627240919379, 'last_layer_lr_exp': -2.715014916209902, 'last_layer_weight_decay_exp': -3.188411939694271, 'second_last_layer_unfreeze_epoch': 4, 'second_last_layer_lr_exp': -4.4828142724421, 'second_last_layer_weight_decay_exp': -3.388786328812299, 'third_last_layer_unfreeze_epoch': 6, 'third_last_layer_lr_exp': -4.944591602782091, 'third_last_layer_weight_decay_exp': -3.5757346091350697}. Best is trial 0 with value: 0.9008152484893799.
 19%|█▉        | 19/100 [02:13<09:28,  7.02s/it]
[I 2024-05-24 02:37:02,566] Trial 20 finished with value: 0.8600543737411499 and parameters: {'batch_size_exp': 4, 'unlabelled_batch_size_exp': 5, 'T_1': 10, 'T_2': 60, 'ALPHA_F_exp': -0.12126753500418497, 'last_layer_lr_exp': -3.1362551755626136, 'last_layer_weight_decay_exp': -3.7467858185015777, 'second_last_layer_unfreeze_epoch': 7, 'second_last_layer_lr_exp': -3.6059016279825666, 'second_last_layer_weight_decay_exp': -1.7821143157106119, 'third_last_layer_unfreeze_epoch': 9, 'third_last_layer_lr_exp': -1.154037951654265, 'third_last_layer_weight_decay_exp': -1.6230705495085853}. Best is trial 0 with value: 0.9008152484893799.
 31%|███       | 31/100 [03:28<07:44,  6.73s/it]
[I 2024-05-24 02:40:31,609] Trial 21 finished with value: 0.86277174949646 and parameters: {'batch_size_exp': 4, 'unlabelled_batch_size_exp': 6, 'T_1': 23, 'T_2': 31, 'ALPHA_F_exp': 0.44897903127872724, 'last_layer_lr_exp': -3.385122011281242, 'last_layer_weight_decay_exp': -3.965065569047635, 'second_last_layer_unfreeze_epoch': 8, 'second_last_layer_lr_exp': -2.781746425256828, 'second_last_layer_weight_decay_exp': -3.6166304997680916, 'third_last_layer_unfreeze_epoch': 9, 'third_last_layer_lr_exp': -4.817498364428529, 'third_last_layer_weight_decay_exp': -3.976429865948101}. Best is trial 0 with value: 0.9008152484893799.
 32%|███▏      | 32/100 [04:58<10:34,  9.33s/it]
[I 2024-05-24 02:45:30,339] Trial 22 finished with value: 0.8722826242446899 and parameters: {'batch_size_exp': 3, 'unlabelled_batch_size_exp': 6, 'T_1': 20, 'T_2': 26, 'ALPHA_F_exp': 0.48701398356287173, 'last_layer_lr_exp': -3.3554195211723106, 'last_layer_weight_decay_exp': -3.995311702741229, 'second_last_layer_unfreeze_epoch': 9, 'second_last_layer_lr_exp': -2.325053591056502, 'second_last_layer_weight_decay_exp': -3.4125193031894274, 'third_last_layer_unfreeze_epoch': 9, 'third_last_layer_lr_exp': -4.551271543597167, 'third_last_layer_weight_decay_exp': -4.558252089632784}. Best is trial 0 with value: 0.9008152484893799.
 37%|███▋      | 37/100 [05:39<09:37,  9.17s/it]
[I 2024-05-24 02:51:09,901] Trial 23 finished with value: 0.873641312122345 and parameters: {'batch_size_exp': 4, 'unlabelled_batch_size_exp': 7, 'T_1': 23, 'T_2': 41, 'ALPHA_F_exp': -0.6605229268644897, 'last_layer_lr_exp': -2.9080950416584614, 'last_layer_weight_decay_exp': -3.795537739376198, 'second_last_layer_unfreeze_epoch': 6, 'second_last_layer_lr_exp': -3.123031727765168, 'second_last_layer_weight_decay_exp': -4.038801326154892, 'third_last_layer_unfreeze_epoch': 7, 'third_last_layer_lr_exp': -3.793302290935427, 'third_last_layer_weight_decay_exp': -3.8741605278525606}. Best is trial 0 with value: 0.9008152484893799.
 25%|██▌       | 25/100 [02:24<07:13,  5.78s/it]
[I 2024-05-24 02:53:34,647] Trial 24 finished with value: 0.8600543737411499 and parameters: {'batch_size_exp': 5, 'unlabelled_batch_size_exp': 6, 'T_1': 17, 'T_2': 24, 'ALPHA_F_exp': 0.6251438756612906, 'last_layer_lr_exp': -3.0134605206048284, 'last_layer_weight_decay_exp': -3.5524405747313645, 'second_last_layer_unfreeze_epoch': 7, 'second_last_layer_lr_exp': -1.4261879745231778, 'second_last_layer_weight_decay_exp': -2.74983571249562, 'third_last_layer_unfreeze_epoch': 8, 'third_last_layer_lr_exp': -2.740370959752576, 'third_last_layer_weight_decay_exp': -4.438080674684082}. Best is trial 0 with value: 0.9008152484893799.
 21%|██        | 21/100 [03:29<13:09,  9.99s/it]
[I 2024-05-24 02:57:04,689] Trial 25 finished with value: 0.8777174353599548 and parameters: {'batch_size_exp': 5, 'unlabelled_batch_size_exp': 7, 'T_1': 1, 'T_2': 16, 'ALPHA_F_exp': -0.4174277906065482, 'last_layer_lr_exp': -2.5369993694438873, 'last_layer_weight_decay_exp': -3.828033705907904, 'second_last_layer_unfreeze_epoch': 9, 'second_last_layer_lr_exp': -2.3134107632370866, 'second_last_layer_weight_decay_exp': -4.390816295881747, 'third_last_layer_unfreeze_epoch': 11, 'third_last_layer_lr_exp': -3.231639164563237, 'third_last_layer_weight_decay_exp': -3.164807919501816}. Best is trial 0 with value: 0.9008152484893799.
 22%|██▏       | 22/100 [03:20<11:51,  9.12s/it]
[I 2024-05-24 03:00:25,629] Trial 26 finished with value: 0.873641312122345 and parameters: {'batch_size_exp': 4, 'unlabelled_batch_size_exp': 6, 'T_1': 6, 'T_2': 18, 'ALPHA_F_exp': 0.16583250123699178, 'last_layer_lr_exp': -3.2912169467076224, 'last_layer_weight_decay_exp': -3.4397756709392997, 'second_last_layer_unfreeze_epoch': 5, 'second_last_layer_lr_exp': -2.9837916765506716, 'second_last_layer_weight_decay_exp': -3.3010347816498293, 'third_last_layer_unfreeze_epoch': 7, 'third_last_layer_lr_exp': -2.378248788107513, 'third_last_layer_weight_decay_exp': -2.726421952552126}. Best is trial 0 with value: 0.9008152484893799.
 21%|██        | 21/100 [01:39<06:15,  4.75s/it]
[I 2024-05-24 03:02:05,662] Trial 27 finished with value: 0.820652186870575 and parameters: {'batch_size_exp': 5, 'unlabelled_batch_size_exp': 7, 'T_1': 30, 'T_2': 38, 'ALPHA_F_exp': -0.8696794975450826, 'last_layer_lr_exp': -2.022561382050252, 'last_layer_weight_decay_exp': -3.6557409118886244, 'second_last_layer_unfreeze_epoch': 8, 'second_last_layer_lr_exp': -2.4685901679610325, 'second_last_layer_weight_decay_exp': -4.97791627696964, 'third_last_layer_unfreeze_epoch': 10, 'third_last_layer_lr_exp': -4.605973573638531, 'third_last_layer_weight_decay_exp': -3.7438874945601923}. Best is trial 0 with value: 0.9008152484893799.
 45%|████▌     | 45/100 [09:17<11:20, 12.38s/it]
[I 2024-05-24 03:11:23,044] Trial 28 finished with value: 0.8817934989929199 and parameters: {'batch_size_exp': 3, 'unlabelled_batch_size_exp': 6, 'T_1': 14, 'T_2': 23, 'ALPHA_F_exp': -0.1741381770147754, 'last_layer_lr_exp': -3.107827884388224, 'last_layer_weight_decay_exp': -2.8907299819597423, 'second_last_layer_unfreeze_epoch': 3, 'second_last_layer_lr_exp': -1.9737915872059832, 'second_last_layer_weight_decay_exp': -3.8058553876167434, 'third_last_layer_unfreeze_epoch': 4, 'third_last_layer_lr_exp': -3.9364851429593415, 'third_last_layer_weight_decay_exp': -3.369476640099935}. Best is trial 0 with value: 0.9008152484893799.
 46%|████▌     | 46/100 [04:11<04:55,  5.47s/it]
[I 2024-05-24 03:15:35,098] Trial 29 finished with value: 0.8777174353599548 and parameters: {'batch_size_exp': 7, 'unlabelled_batch_size_exp': 7, 'T_1': 13, 'T_2': 42, 'ALPHA_F_exp': -0.4662309242305934, 'last_layer_lr_exp': -3.7313205662912736, 'last_layer_weight_decay_exp': -3.265115039400417, 'second_last_layer_unfreeze_epoch': 10, 'second_last_layer_lr_exp': -3.9509697384679012, 'second_last_layer_weight_decay_exp': -2.594605697084154, 'third_last_layer_unfreeze_epoch': 15, 'third_last_layer_lr_exp': -3.4207872376576223, 'third_last_layer_weight_decay_exp': -4.418772838020337}. Best is trial 0 with value: 0.9008152484893799.
 17%|█▋        | 17/100 [01:31<07:28,  5.41s/it]
[I 2024-05-24 03:17:07,298] Trial 30 finished with value: 0.6847826242446899 and parameters: {'batch_size_exp': 4, 'unlabelled_batch_size_exp': 5, 'T_1': 19, 'T_2': 30, 'ALPHA_F_exp': 0.7473342015704787, 'last_layer_lr_exp': -3.4641320239597384, 'last_layer_weight_decay_exp': -3.867452833089336, 'second_last_layer_unfreeze_epoch': 6, 'second_last_layer_lr_exp': -3.412099786587075, 'second_last_layer_weight_decay_exp': -2.9402604410801034, 'third_last_layer_unfreeze_epoch': 7, 'third_last_layer_lr_exp': -1.5609240482942268, 'third_last_layer_weight_decay_exp': -2.2767177909201726}. Best is trial 0 with value: 0.9008152484893799.
 41%|████      | 41/100 [04:00<05:46,  5.87s/it]
[I 2024-05-24 03:21:08,100] Trial 31 finished with value: 0.904891312122345 and parameters: {'batch_size_exp': 6, 'unlabelled_batch_size_exp': 7, 'T_1': 22, 'T_2': 30, 'ALPHA_F_exp': -1.9186627229256172, 'last_layer_lr_exp': -3.437742747579238, 'last_layer_weight_decay_exp': -3.8574542923939004, 'second_last_layer_unfreeze_epoch': 6, 'second_last_layer_lr_exp': -4.205220815004278, 'second_last_layer_weight_decay_exp': -3.818874540626863, 'third_last_layer_unfreeze_epoch': 8, 'third_last_layer_lr_exp': -3.03043588451279, 'third_last_layer_weight_decay_exp': -4.190767281932155}. Best is trial 31 with value: 0.904891312122345.
 32%|███▏      | 32/100 [02:51<06:04,  5.35s/it]
[I 2024-05-24 03:23:59,661] Trial 32 finished with value: 0.8817934989929199 and parameters: {'batch_size_exp': 6, 'unlabelled_batch_size_exp': 7, 'T_1': 24, 'T_2': 47, 'ALPHA_F_exp': -1.7036358698169378, 'last_layer_lr_exp': -3.659568960994301, 'last_layer_weight_decay_exp': -2.239409647784899, 'second_last_layer_unfreeze_epoch': 7, 'second_last_layer_lr_exp': -4.60512910377898, 'second_last_layer_weight_decay_exp': -3.4984757874353734, 'third_last_layer_unfreeze_epoch': 8, 'third_last_layer_lr_exp': -3.041428485259932, 'third_last_layer_weight_decay_exp': -4.25989583882615}. Best is trial 31 with value: 0.904891312122345.
 37%|███▋      | 37/100 [02:58<05:03,  4.82s/it]
[I 2024-05-24 03:26:58,323] Trial 33 finished with value: 0.88451087474823 and parameters: {'batch_size_exp': 7, 'unlabelled_batch_size_exp': 7, 'T_1': 26, 'T_2': 32, 'ALPHA_F_exp': -1.4420537809628382, 'last_layer_lr_exp': -3.5036145173413695, 'last_layer_weight_decay_exp': -3.7136589018240094, 'second_last_layer_unfreeze_epoch': 5, 'second_last_layer_lr_exp': -3.5124757242689606, 'second_last_layer_weight_decay_exp': -3.8478458261480983, 'third_last_layer_unfreeze_epoch': 7, 'third_last_layer_lr_exp': -2.6279424813110546, 'third_last_layer_weight_decay_exp': -4.692801918419894}. Best is trial 31 with value: 0.904891312122345.
 39%|███▉      | 39/100 [03:47<05:55,  5.82s/it]
[I 2024-05-24 03:30:45,640] Trial 34 finished with value: 0.8817934989929199 and parameters: {'batch_size_exp': 6, 'unlabelled_batch_size_exp': 7, 'T_1': 21, 'T_2': 27, 'ALPHA_F_exp': -0.7997300481684123, 'last_layer_lr_exp': -3.1713035669305927, 'last_layer_weight_decay_exp': -3.8728777398290326, 'second_last_layer_unfreeze_epoch': 6, 'second_last_layer_lr_exp': -4.141541757844815, 'second_last_layer_weight_decay_exp': -3.2748308868679366, 'third_last_layer_unfreeze_epoch': 8, 'third_last_layer_lr_exp': -3.564117798454367, 'third_last_layer_weight_decay_exp': -2.5832040634233655}. Best is trial 31 with value: 0.904891312122345.
 19%|█▉        | 19/100 [01:33<06:37,  4.91s/it]
[I 2024-05-24 03:32:19,198] Trial 35 finished with value: 0.8464674353599548 and parameters: {'batch_size_exp': 5, 'unlabelled_batch_size_exp': 7, 'T_1': 26, 'T_2': 29, 'ALPHA_F_exp': 1.8094796422270565, 'last_layer_lr_exp': -2.7435369418721116, 'last_layer_weight_decay_exp': -3.656402954028286, 'second_last_layer_unfreeze_epoch': 3, 'second_last_layer_lr_exp': -3.319832755048716, 'second_last_layer_weight_decay_exp': -4.285876563969212, 'third_last_layer_unfreeze_epoch': 3, 'third_last_layer_lr_exp': -2.1683326873016515, 'third_last_layer_weight_decay_exp': -3.151556664966747}. Best is trial 31 with value: 0.904891312122345.
 27%|██▋       | 27/100 [02:48<07:34,  6.22s/it]
[I 2024-05-24 03:35:07,503] Trial 36 finished with value: 0.8614130616188049 and parameters: {'batch_size_exp': 5, 'unlabelled_batch_size_exp': 6, 'T_1': 15, 'T_2': 24, 'ALPHA_F_exp': -1.2772299468496775, 'last_layer_lr_exp': -3.0288420019836666, 'last_layer_weight_decay_exp': -3.5791380586756953, 'second_last_layer_unfreeze_epoch': 8, 'second_last_layer_lr_exp': -2.9073725866771807, 'second_last_layer_weight_decay_exp': -4.592397880197477, 'third_last_layer_unfreeze_epoch': 9, 'third_last_layer_lr_exp': -3.0973228468079164, 'third_last_layer_weight_decay_exp': -3.719899207651949}. Best is trial 31 with value: 0.904891312122345.
 14%|█▍        | 14/100 [01:22<08:26,  5.89s/it]
[I 2024-05-24 03:36:30,267] Trial 37 finished with value: 0.1304347813129425 and parameters: {'batch_size_exp': 7, 'unlabelled_batch_size_exp': 7, 'T_1': 3, 'T_2': 12, 'ALPHA_F_exp': 1.4405657246364931, 'last_layer_lr_exp': -3.3514091784903903, 'last_layer_weight_decay_exp': -3.9816676866419334, 'second_last_layer_unfreeze_epoch': 4, 'second_last_layer_lr_exp': -1.688563435374019, 'second_last_layer_weight_decay_exp': -4.012840233058355, 'third_last_layer_unfreeze_epoch': 5, 'third_last_layer_lr_exp': -4.418577811317397, 'third_last_layer_weight_decay_exp': -3.9809736736501447}. Best is trial 31 with value: 0.904891312122345.
 44%|████▍     | 44/100 [03:56<05:01,  5.38s/it]
[I 2024-05-24 03:40:27,352] Trial 38 finished with value: 0.8913043737411499 and parameters: {'batch_size_exp': 6, 'unlabelled_batch_size_exp': 6, 'T_1': 23, 'T_2': 27, 'ALPHA_F_exp': -1.70594307863228, 'last_layer_lr_exp': -3.804992817579053, 'last_layer_weight_decay_exp': -3.43416625422051, 'second_last_layer_unfreeze_epoch': 6, 'second_last_layer_lr_exp': -3.7307276067365005, 'second_last_layer_weight_decay_exp': -2.368237818391609, 'third_last_layer_unfreeze_epoch': 10, 'third_last_layer_lr_exp': -3.6803023608781373, 'third_last_layer_weight_decay_exp': -3.263094271365557}. Best is trial 31 with value: 0.904891312122345.
 38%|███▊      | 38/100 [02:58<04:51,  4.70s/it]
[I 2024-05-24 03:43:26,248] Trial 39 finished with value: 0.885869562625885 and parameters: {'batch_size_exp': 6, 'unlabelled_batch_size_exp': 4, 'T_1': 28, 'T_2': 33, 'ALPHA_F_exp': -1.7551615769615971, 'last_layer_lr_exp': -3.889320991422939, 'last_layer_weight_decay_exp': -3.346952308192017, 'second_last_layer_unfreeze_epoch': 2, 'second_last_layer_lr_exp': -4.342464623205872, 'second_last_layer_weight_decay_exp': -2.3290787862441373, 'third_last_layer_unfreeze_epoch': 11, 'third_last_layer_lr_exp': -3.7464172107356446, 'third_last_layer_weight_decay_exp': -3.300996209030869}. Best is trial 31 with value: 0.904891312122345.
 45%|████▌     | 45/100 [03:32<04:19,  4.71s/it]
[I 2024-05-24 03:46:58,614] Trial 40 finished with value: 0.8790761232376099 and parameters: {'batch_size_exp': 6, 'unlabelled_batch_size_exp': 4, 'T_1': 28, 'T_2': 37, 'ALPHA_F_exp': -1.6501219894901273, 'last_layer_lr_exp': -3.9757749696056544, 'last_layer_weight_decay_exp': -3.398144099741117, 'second_last_layer_unfreeze_epoch': 1, 'second_last_layer_lr_exp': -4.288325847246657, 'second_last_layer_weight_decay_exp': -2.3154985087662, 'third_last_layer_unfreeze_epoch': 11, 'third_last_layer_lr_exp': -3.7701116310640934, 'third_last_layer_weight_decay_exp': -3.235476969067548}. Best is trial 31 with value: 0.904891312122345.
 35%|███▌      | 35/100 [02:43<05:03,  4.67s/it]
[I 2024-05-24 03:49:42,248] Trial 41 finished with value: 0.883152186870575 and parameters: {'batch_size_exp': 6, 'unlabelled_batch_size_exp': 3, 'T_1': 30, 'T_2': 33, 'ALPHA_F_exp': -1.837342272771275, 'last_layer_lr_exp': -3.818168084016626, 'last_layer_weight_decay_exp': -3.3260440752967373, 'second_last_layer_unfreeze_epoch': 2, 'second_last_layer_lr_exp': -3.7033523634870975, 'second_last_layer_weight_decay_exp': -1.9077509396520962, 'third_last_layer_unfreeze_epoch': 10, 'third_last_layer_lr_exp': -3.5100802558330715, 'third_last_layer_weight_decay_exp': -2.967905603856331}. Best is trial 31 with value: 0.904891312122345.
 48%|████▊     | 48/100 [03:49<04:08,  4.78s/it]
[I 2024-05-24 03:53:31,962] Trial 42 finished with value: 0.873641312122345 and parameters: {'batch_size_exp': 6, 'unlabelled_batch_size_exp': 4, 'T_1': 25, 'T_2': 29, 'ALPHA_F_exp': -1.7309403895326254, 'last_layer_lr_exp': -3.817188683597487, 'last_layer_weight_decay_exp': -3.1280478939551513, 'second_last_layer_unfreeze_epoch': 6, 'second_last_layer_lr_exp': -3.961461084038982, 'second_last_layer_weight_decay_exp': -1.0758564405445767, 'third_last_layer_unfreeze_epoch': 12, 'third_last_layer_lr_exp': -2.9607533301518587, 'third_last_layer_weight_decay_exp': -2.596923050119219}. Best is trial 31 with value: 0.904891312122345.
 74%|███████▍  | 74/100 [05:31<01:56,  4.48s/it]
