[I 2024-05-24 03:59:03,624] Trial 43 finished with value: 0.8926630616188049 and parameters: {'batch_size_exp': 7, 'unlabelled_batch_size_exp': 5, 'T_1': 27, 'T_2': 34, 'ALPHA_F_exp': -1.495189573762619, 'last_layer_lr_exp': -3.602383105245779, 'last_layer_weight_decay_exp': -3.4699546603736766, 'second_last_layer_unfreeze_epoch': 2, 'second_last_layer_lr_exp': -4.482221265627679, 'second_last_layer_weight_decay_exp': -2.2741506372102402, 'third_last_layer_unfreeze_epoch': 11, 'third_last_layer_lr_exp': -3.9092315014067625, 'third_last_layer_weight_decay_exp': -3.357437485461954}. Best is trial 31 with value: 0.904891312122345.
 72%|███████▏  | 72/100 [05:23<02:05,  4.49s/it]
[I 2024-05-24 04:04:27,012] Trial 44 finished with value: 0.86277174949646 and parameters: {'batch_size_exp': 7, 'unlabelled_batch_size_exp': 5, 'T_1': 28, 'T_2': 36, 'ALPHA_F_exp': -1.4831406963081641, 'last_layer_lr_exp': -3.6286403855293483, 'last_layer_weight_decay_exp': -3.484552110075648, 'second_last_layer_unfreeze_epoch': 2, 'second_last_layer_lr_exp': -4.504339851536206, 'second_last_layer_weight_decay_exp': -2.396160976481356, 'third_last_layer_unfreeze_epoch': 12, 'third_last_layer_lr_exp': -4.049973302930899, 'third_last_layer_weight_decay_exp': -3.663873680003997}. Best is trial 31 with value: 0.904891312122345.
 41%|████      | 41/100 [02:58<04:17,  4.36s/it]
[I 2024-05-24 04:07:26,007] Trial 45 finished with value: 0.8804348111152649 and parameters: {'batch_size_exp': 7, 'unlabelled_batch_size_exp': 4, 'T_1': 27, 'T_2': 34, 'ALPHA_F_exp': -1.883285635047103, 'last_layer_lr_exp': -3.6966171527541642, 'last_layer_weight_decay_exp': -3.2374018906129143, 'second_last_layer_unfreeze_epoch': 1, 'second_last_layer_lr_exp': -4.968895734529674, 'second_last_layer_weight_decay_exp': -1.5813342742201688, 'third_last_layer_unfreeze_epoch': 1, 'third_last_layer_lr_exp': -3.633823923553402, 'third_last_layer_weight_decay_exp': -3.3601430140218937}. Best is trial 31 with value: 0.904891312122345.
 61%|██████    | 61/100 [04:36<02:56,  4.53s/it]
[I 2024-05-24 04:12:02,363] Trial 46 finished with value: 0.876358687877655 and parameters: {'batch_size_exp': 7, 'unlabelled_batch_size_exp': 5, 'T_1': 23, 'T_2': 32, 'ALPHA_F_exp': -1.3104018499900523, 'last_layer_lr_exp': -3.917385994967466, 'last_layer_weight_decay_exp': -2.97448095944317, 'second_last_layer_unfreeze_epoch': 2, 'second_last_layer_lr_exp': -4.732010257283996, 'second_last_layer_weight_decay_exp': -2.1205548969701367, 'third_last_layer_unfreeze_epoch': 14, 'third_last_layer_lr_exp': -3.9095350319522932, 'third_last_layer_weight_decay_exp': -3.4361877372737113}. Best is trial 31 with value: 0.904891312122345.
 31%|███       | 31/100 [02:27<05:28,  4.76s/it]
[I 2024-05-24 04:14:30,064] Trial 47 finished with value: 0.8804348111152649 and parameters: {'batch_size_exp': 6, 'unlabelled_batch_size_exp': 4, 'T_1': 29, 'T_2': 39, 'ALPHA_F_exp': -1.1101176660592822, 'last_layer_lr_exp': -3.739293454411392, 'last_layer_weight_decay_exp': -3.6013199300888035, 'second_last_layer_unfreeze_epoch': 3, 'second_last_layer_lr_exp': -4.3706756614096145, 'second_last_layer_weight_decay_exp': -2.5265340156939953, 'third_last_layer_unfreeze_epoch': 10, 'third_last_layer_lr_exp': -3.362167550750757, 'third_last_layer_weight_decay_exp': -3.0291459415493835}. Best is trial 31 with value: 0.904891312122345.
 74%|███████▍  | 74/100 [05:16<01:51,  4.27s/it]
[I 2024-05-24 04:19:46,615] Trial 48 finished with value: 0.873641312122345 and parameters: {'batch_size_exp': 7, 'unlabelled_batch_size_exp': 3, 'T_1': 25, 'T_2': 45, 'ALPHA_F_exp': -1.7877603994655298, 'last_layer_lr_exp': -3.573512705820201, 'last_layer_weight_decay_exp': -3.3648300516613303, 'second_last_layer_unfreeze_epoch': 2, 'second_last_layer_lr_exp': -3.8092382251708883, 'second_last_layer_weight_decay_exp': -1.9486825282783085, 'third_last_layer_unfreeze_epoch': 13, 'third_last_layer_lr_exp': -4.224581563377165, 'third_last_layer_weight_decay_exp': -3.8014971265578232}. Best is trial 31 with value: 0.904891312122345.
 65%|██████▌   | 65/100 [05:30<02:57,  5.08s/it]
[I 2024-05-24 04:25:17,123] Trial 49 finished with value: 0.8899456858634949 and parameters: {'batch_size_exp': 6, 'unlabelled_batch_size_exp': 5, 'T_1': 27, 'T_2': 35, 'ALPHA_F_exp': -1.564598938441286, 'last_layer_lr_exp': -3.899944177688244, 'last_layer_weight_decay_exp': -3.700806103120059, 'second_last_layer_unfreeze_epoch': 5, 'second_last_layer_lr_exp': -4.234933136881438, 'second_last_layer_weight_decay_exp': -1.5032198717936893, 'third_last_layer_unfreeze_epoch': 12, 'third_last_layer_lr_exp': -3.7527219820017126, 'third_last_layer_weight_decay_exp': -4.2421726468277114}. Best is trial 31 with value: 0.904891312122345.
best: FrozenTrial(number=31, state=TrialState.COMPLETE, values=[0.904891312122345], datetime_start=datetime.datetime(2024, 5, 24, 3, 17, 7, 298202), datetime_complete=datetime.datetime(2024, 5, 24, 3, 21, 8, 100381), params={'batch_size_exp': 6, 'unlabelled_batch_size_exp': 7, 'T_1': 22, 'T_2': 30, 'ALPHA_F_exp': -1.9186627229256172, 'last_layer_lr_exp': -3.437742747579238, 'last_layer_weight_decay_exp': -3.8574542923939004, 'second_last_layer_unfreeze_epoch': 6, 'second_last_layer_lr_exp': -4.205220815004278, 'second_last_layer_weight_decay_exp': -3.818874540626863, 'third_last_layer_unfreeze_epoch': 8, 'third_last_layer_lr_exp': -3.03043588451279, 'third_last_layer_weight_decay_exp': -4.190767281932155}, user_attrs={}, system_attrs={}, intermediate_values={}, distributions={'batch_size_exp': IntDistribution(high=7, log=False, low=3, step=1), 'unlabelled_batch_size_exp': IntDistribution(high=7, log=False, low=3, step=1), 'T_1': IntDistribution(high=30, log=False, low=1, step=1), 'T_2': IntDistribution(high=60, log=False, low=23, step=1), 'ALPHA_F_exp': FloatDistribution(high=2.0, log=False, low=-2.0, step=None), 'last_layer_lr_exp': FloatDistribution(high=-2.0, log=False, low=-4.0, step=None), 'last_layer_weight_decay_exp': FloatDistribution(high=-2.0, log=False, low=-4.0, step=None), 'second_last_layer_unfreeze_epoch': IntDistribution(high=10, log=False, low=1, step=1), 'second_last_layer_lr_exp': FloatDistribution(high=-1.0, log=False, low=-5.0, step=None), 'second_last_layer_weight_decay_exp': FloatDistribution(high=-1.0, log=False, low=-5.0, step=None), 'third_last_layer_unfreeze_epoch': IntDistribution(high=15, log=False, low=6, step=1), 'third_last_layer_lr_exp': FloatDistribution(high=-1.0, log=False, low=-5.0, step=None), 'third_last_layer_weight_decay_exp': FloatDistribution(high=-1.0, log=False, low=-5.0, step=None)}, trial_id=31, value=None)


-----------------------------------------------------------------------


curriculum learning - 1% labeled:
[I 2024-05-26 20:52:55,749] A new study created in memory with name: no-name-f42b6c2c-f51c-4934-9a60-9a8117bc4090
Iteration 0 (cur_pseudo_labeled_samples_ratio: 0.0)
 48%|████▊     | 48/100 [00:32<00:34,  1.49it/s]
Validation accuracy: 70.38%
Test accuracy: 65.58%

Iteration 1 (cur_pseudo_labeled_samples_ratio: 0.2)
 33%|███▎      | 33/100 [00:42<01:25,  1.28s/it]
Validation accuracy: 70.92%
Test accuracy: 67.84%

Iteration 2 (cur_pseudo_labeled_samples_ratio: 0.4)
 23%|██▎       | 23/100 [00:43<02:25,  1.88s/it]
Validation accuracy: 69.16%
Test accuracy: 65.74%

Iteration 3 (cur_pseudo_labeled_samples_ratio: 0.6000000000000001)
 19%|█▉        | 19/100 [00:48<03:24,  2.53s/it]
Validation accuracy: 68.34%
Test accuracy: 66.67%

Iteration 4 (cur_pseudo_labeled_samples_ratio: 0.8)
 34%|███▍      | 34/100 [01:44<03:23,  3.08s/it]
Validation accuracy: 69.29%
Test accuracy: 69.09%

Iteration 5 (cur_pseudo_labeled_samples_ratio: 1.0)
 17%|█▋        | 17/100 [01:03<05:12,  3.76s/it]
Validation accuracy: 70.11%
[I 2024-05-26 21:00:05,786] Trial 0 finished with value: 0.7010869979858398 and parameters: {}. Best is trial 0 with value: 0.7010869979858398.
Test accuracy: 69.58%
Iteration 0 (cur_pseudo_labeled_samples_ratio: 0.0)
 61%|██████    | 61/100 [00:41<00:26,  1.48it/s]
Validation accuracy: 66.03%
Test accuracy: 65.63%

Iteration 1 (cur_pseudo_labeled_samples_ratio: 0.2)
 36%|███▌      | 36/100 [00:46<01:22,  1.29s/it]
Validation accuracy: 64.54%
Test accuracy: 64.35%

Iteration 2 (cur_pseudo_labeled_samples_ratio: 0.4)
 33%|███▎      | 33/100 [01:02<02:06,  1.89s/it]
Validation accuracy: 64.67%
Test accuracy: 61.13%

Iteration 3 (cur_pseudo_labeled_samples_ratio: 0.6000000000000001)
 25%|██▌       | 25/100 [01:02<03:08,  2.51s/it]
Validation accuracy: 64.40%
Test accuracy: 62.17%

Iteration 4 (cur_pseudo_labeled_samples_ratio: 0.8)
 28%|██▊       | 28/100 [01:26<03:43,  3.10s/it]
Validation accuracy: 65.08%
Test accuracy: 61.95%

Iteration 5 (cur_pseudo_labeled_samples_ratio: 1.0)
 31%|███       | 31/100 [01:54<04:13,  3.68s/it]
Validation accuracy: 64.67%
[I 2024-05-26 21:08:28,604] Trial 1 finished with value: 0.64673912525177 and parameters: {}. Best is trial 0 with value: 0.7010869979858398.
Test accuracy: 62.14%
Iteration 0 (cur_pseudo_labeled_samples_ratio: 0.0)
 42%|████▏     | 42/100 [00:28<00:39,  1.45it/s]
Validation accuracy: 62.77%
Test accuracy: 59.01%

Iteration 1 (cur_pseudo_labeled_samples_ratio: 0.2)
 23%|██▎       | 23/100 [00:30<01:40,  1.31s/it]
Validation accuracy: 62.91%
Test accuracy: 61.71%

Iteration 2 (cur_pseudo_labeled_samples_ratio: 0.4)
 24%|██▍       | 24/100 [00:45<02:24,  1.90s/it]
Validation accuracy: 62.36%
Test accuracy: 61.52%

Iteration 3 (cur_pseudo_labeled_samples_ratio: 0.6000000000000001)
 26%|██▌       | 26/100 [01:04<03:03,  2.49s/it]
Validation accuracy: 65.08%
Test accuracy: 63.83%

Iteration 4 (cur_pseudo_labeled_samples_ratio: 0.8)
 16%|█▌        | 16/100 [00:50<04:24,  3.15s/it]
Validation accuracy: 66.44%
Test accuracy: 65.49%

Iteration 5 (cur_pseudo_labeled_samples_ratio: 1.0)
 25%|██▌       | 25/100 [01:32<04:37,  3.69s/it]
Validation accuracy: 69.29%
[I 2024-05-26 21:15:12,134] Trial 2 finished with value: 0.6929348111152649 and parameters: {}. Best is trial 0 with value: 0.7010869979858398.
Test accuracy: 66.94%
Iteration 0 (cur_pseudo_labeled_samples_ratio: 0.0)
 41%|████      | 41/100 [00:28<00:40,  1.44it/s]
Validation accuracy: 62.91%
Test accuracy: 61.68%

Iteration 1 (cur_pseudo_labeled_samples_ratio: 0.2)
 27%|██▋       | 27/100 [00:35<01:35,  1.31s/it]
Validation accuracy: 65.49%
Test accuracy: 64.24%

Iteration 2 (cur_pseudo_labeled_samples_ratio: 0.4)
 24%|██▍       | 24/100 [00:45<02:24,  1.91s/it]
Validation accuracy: 66.44%
Test accuracy: 64.81%

Iteration 3 (cur_pseudo_labeled_samples_ratio: 0.6000000000000001)
 27%|██▋       | 27/100 [01:07<03:01,  2.48s/it]
Validation accuracy: 65.35%
Test accuracy: 65.22%

Iteration 4 (cur_pseudo_labeled_samples_ratio: 0.8)
 22%|██▏       | 22/100 [01:08<04:04,  3.13s/it]
Validation accuracy: 66.98%
Test accuracy: 67.24%

Iteration 5 (cur_pseudo_labeled_samples_ratio: 1.0)
 19%|█▉        | 19/100 [01:11<05:04,  3.76s/it]
Validation accuracy: 68.34%
[I 2024-05-26 21:21:55,817] Trial 3 finished with value: 0.6834239363670349 and parameters: {}. Best is trial 0 with value: 0.7010869979858398.
Test accuracy: 66.34%
Iteration 0 (cur_pseudo_labeled_samples_ratio: 0.0)
 50%|█████     | 50/100 [00:34<00:34,  1.46it/s]
Validation accuracy: 62.77%
Test accuracy: 63.83%

Iteration 1 (cur_pseudo_labeled_samples_ratio: 0.2)
 26%|██▌       | 26/100 [00:33<01:36,  1.31s/it]
Validation accuracy: 67.80%
Test accuracy: 68.14%

Iteration 2 (cur_pseudo_labeled_samples_ratio: 0.4)
 30%|███       | 30/100 [00:56<02:12,  1.89s/it]
Validation accuracy: 70.24%
Test accuracy: 68.14%

Iteration 3 (cur_pseudo_labeled_samples_ratio: 0.6000000000000001)
 36%|███▌      | 36/100 [01:30<02:40,  2.50s/it]
Validation accuracy: 73.10%
Test accuracy: 70.26%

Iteration 4 (cur_pseudo_labeled_samples_ratio: 0.8)
 40%|████      | 40/100 [02:02<03:04,  3.07s/it]
Validation accuracy: 73.23%
Test accuracy: 70.18%

Iteration 5 (cur_pseudo_labeled_samples_ratio: 1.0)
 28%|██▊       | 28/100 [01:42<04:24,  3.67s/it]
Validation accuracy: 72.83%
[I 2024-05-26 21:30:45,366] Trial 4 finished with value: 0.72826087474823 and parameters: {}. Best is trial 4 with value: 0.72826087474823.
Test accuracy: 70.43%
Iteration 0 (cur_pseudo_labeled_samples_ratio: 0.0)
 59%|█████▉    | 59/100 [00:40<00:27,  1.47it/s]
Validation accuracy: 66.71%
Test accuracy: 63.97%

Iteration 1 (cur_pseudo_labeled_samples_ratio: 0.2)
 26%|██▌       | 26/100 [00:33<01:36,  1.30s/it]
Validation accuracy: 66.30%
Test accuracy: 63.40%

Iteration 2 (cur_pseudo_labeled_samples_ratio: 0.4)
 44%|████▍     | 44/100 [01:21<01:44,  1.86s/it]
Validation accuracy: 66.03%
Test accuracy: 64.00%

Iteration 3 (cur_pseudo_labeled_samples_ratio: 0.6000000000000001)
 29%|██▉       | 29/100 [01:12<02:57,  2.50s/it]
Validation accuracy: 67.39%
Test accuracy: 64.08%

Iteration 4 (cur_pseudo_labeled_samples_ratio: 0.8)
 17%|█▋        | 17/100 [00:53<04:21,  3.16s/it]
Validation accuracy: 67.66%
Test accuracy: 65.19%

Iteration 5 (cur_pseudo_labeled_samples_ratio: 1.0)
 25%|██▌       | 25/100 [01:32<04:38,  3.72s/it]
Validation accuracy: 68.48%
[I 2024-05-26 21:38:28,992] Trial 5 finished with value: 0.6847826242446899 and parameters: {}. Best is trial 4 with value: 0.72826087474823.
Test accuracy: 65.58%
Iteration 0 (cur_pseudo_labeled_samples_ratio: 0.0)
 49%|████▉     | 49/100 [00:33<00:34,  1.46it/s]
Validation accuracy: 66.17%
Test accuracy: 64.30%

Iteration 1 (cur_pseudo_labeled_samples_ratio: 0.2)
 25%|██▌       | 25/100 [00:32<01:38,  1.31s/it]
Validation accuracy: 66.58%
Test accuracy: 64.08%

Iteration 2 (cur_pseudo_labeled_samples_ratio: 0.4)
 30%|███       | 30/100 [00:56<02:12,  1.90s/it]
Validation accuracy: 64.95%
Test accuracy: 63.10%

Iteration 3 (cur_pseudo_labeled_samples_ratio: 0.6000000000000001)
 28%|██▊       | 28/100 [01:10<03:00,  2.50s/it]
Validation accuracy: 65.35%
Test accuracy: 63.37%

Iteration 4 (cur_pseudo_labeled_samples_ratio: 0.8)
 19%|█▉        | 19/100 [00:59<04:13,  3.13s/it]
Validation accuracy: 65.08%
Test accuracy: 64.49%

Iteration 5 (cur_pseudo_labeled_samples_ratio: 1.0)
 26%|██▌       | 26/100 [01:36<04:34,  3.70s/it]
Validation accuracy: 67.39%
[I 2024-05-26 21:45:48,097] Trial 6 finished with value: 0.6739130616188049 and parameters: {}. Best is trial 4 with value: 0.72826087474823.
Test accuracy: 64.79%
Iteration 0 (cur_pseudo_labeled_samples_ratio: 0.0)
 47%|████▋     | 47/100 [00:32<00:36,  1.45it/s]
Validation accuracy: 62.50%
Test accuracy: 62.61%

Iteration 1 (cur_pseudo_labeled_samples_ratio: 0.2)
 25%|██▌       | 25/100 [00:32<01:36,  1.29s/it]
Validation accuracy: 60.73%
Test accuracy: 61.13%

Iteration 2 (cur_pseudo_labeled_samples_ratio: 0.4)
 36%|███▌      | 36/100 [01:07<02:00,  1.88s/it]
Validation accuracy: 61.68%
Test accuracy: 61.35%

Iteration 3 (cur_pseudo_labeled_samples_ratio: 0.6000000000000001)
 34%|███▍      | 34/100 [01:25<02:45,  2.50s/it]
Validation accuracy: 62.09%
Test accuracy: 62.03%

Iteration 4 (cur_pseudo_labeled_samples_ratio: 0.8)
 47%|████▋     | 47/100 [02:24<02:42,  3.07s/it]
Validation accuracy: 63.72%
Test accuracy: 64.00%

Iteration 5 (cur_pseudo_labeled_samples_ratio: 1.0)
 18%|█▊        | 18/100 [01:07<05:06,  3.73s/it]
Validation accuracy: 64.54%
[I 2024-05-26 21:54:26,161] Trial 7 finished with value: 0.645380437374115 and parameters: {}. Best is trial 4 with value: 0.72826087474823.
Test accuracy: 63.23%
Iteration 0 (cur_pseudo_labeled_samples_ratio: 0.0)
 30%|███       | 30/100 [00:21<00:49,  1.42it/s]
Validation accuracy: 63.59%
Test accuracy: 61.87%

Iteration 1 (cur_pseudo_labeled_samples_ratio: 0.2)
 39%|███▉      | 39/100 [00:49<01:17,  1.27s/it]
Validation accuracy: 67.66%
Test accuracy: 65.06%

Iteration 2 (cur_pseudo_labeled_samples_ratio: 0.4)
 32%|███▏      | 32/100 [01:00<02:07,  1.88s/it]
Validation accuracy: 66.98%
Test accuracy: 63.56%

Iteration 3 (cur_pseudo_labeled_samples_ratio: 0.6000000000000001)
 44%|████▍     | 44/100 [01:48<02:17,  2.46s/it]
Validation accuracy: 67.12%
Test accuracy: 63.59%

Iteration 4 (cur_pseudo_labeled_samples_ratio: 0.8)
 25%|██▌       | 25/100 [01:17<03:53,  3.11s/it]
Validation accuracy: 69.02%
Test accuracy: 66.01%

Iteration 5 (cur_pseudo_labeled_samples_ratio: 1.0)
 29%|██▉       | 29/100 [01:47<04:22,  3.70s/it]
Validation accuracy: 70.65%
[I 2024-05-26 22:02:55,905] Trial 8 finished with value: 0.70652174949646 and parameters: {}. Best is trial 4 with value: 0.72826087474823.
Test accuracy: 67.35%
Iteration 0 (cur_pseudo_labeled_samples_ratio: 0.0)
 47%|████▋     | 47/100 [00:32<00:36,  1.45it/s]
Validation accuracy: 63.32%
Test accuracy: 62.99%

Iteration 1 (cur_pseudo_labeled_samples_ratio: 0.2)
 25%|██▌       | 25/100 [00:32<01:38,  1.31s/it]
Validation accuracy: 67.39%
Test accuracy: 66.67%

Iteration 2 (cur_pseudo_labeled_samples_ratio: 0.4)
 24%|██▍       | 24/100 [00:46<02:26,  1.92s/it]
Validation accuracy: 64.67%
Test accuracy: 63.21%

Iteration 3 (cur_pseudo_labeled_samples_ratio: 0.6000000000000001)
 35%|███▌      | 35/100 [01:27<02:42,  2.49s/it]
Validation accuracy: 62.64%
Test accuracy: 61.19%

Iteration 4 (cur_pseudo_labeled_samples_ratio: 0.8)
 27%|██▋       | 27/100 [01:24<03:48,  3.13s/it]
Validation accuracy: 61.28%
Test accuracy: 61.41%

Iteration 5 (cur_pseudo_labeled_samples_ratio: 1.0)
 35%|███▌      | 35/100 [02:09<03:59,  3.69s/it]
Validation accuracy: 61.28%
[I 2024-05-26 22:11:22,594] Trial 9 finished with value: 0.61277174949646 and parameters: {}. Best is trial 4 with value: 0.72826087474823.
Test accuracy: 61.05%
Iteration 0 (cur_pseudo_labeled_samples_ratio: 0.0)
 60%|██████    | 60/100 [00:40<00:27,  1.48it/s]
Validation accuracy: 69.43%
Test accuracy: 65.58%

Iteration 1 (cur_pseudo_labeled_samples_ratio: 0.2)
 47%|████▋     | 47/100 [01:00<01:07,  1.28s/it]
Validation accuracy: 68.21%
Test accuracy: 64.30%

Iteration 2 (cur_pseudo_labeled_samples_ratio: 0.4)
 28%|██▊       | 28/100 [00:53<02:17,  1.90s/it]
Validation accuracy: 66.17%
Test accuracy: 63.75%

Iteration 3 (cur_pseudo_labeled_samples_ratio: 0.6000000000000001)
 27%|██▋       | 27/100 [01:07<03:03,  2.51s/it]
Validation accuracy: 66.44%
Test accuracy: 64.38%

Iteration 4 (cur_pseudo_labeled_samples_ratio: 0.8)
 21%|██        | 21/100 [01:06<04:09,  3.15s/it]
Validation accuracy: 65.49%
Test accuracy: 62.69%

Iteration 5 (cur_pseudo_labeled_samples_ratio: 1.0)
 17%|█▋        | 17/100 [01:04<05:13,  3.77s/it]
Validation accuracy: 65.49%
[I 2024-05-26 22:18:51,001] Trial 10 finished with value: 0.654891312122345 and parameters: {}. Best is trial 4 with value: 0.72826087474823.
Test accuracy: 63.26%
Iteration 0 (cur_pseudo_labeled_samples_ratio: 0.0)
 42%|████▏     | 42/100 [00:29<00:40,  1.44it/s]
Validation accuracy: 61.28%
Test accuracy: 59.39%

Iteration 1 (cur_pseudo_labeled_samples_ratio: 0.2)
 29%|██▉       | 29/100 [00:37<01:32,  1.30s/it]
Validation accuracy: 64.13%
Test accuracy: 61.52%

Iteration 2 (cur_pseudo_labeled_samples_ratio: 0.4)
 21%|██        | 21/100 [00:40<02:32,  1.93s/it]
Validation accuracy: 66.85%
Test accuracy: 62.99%

Iteration 3 (cur_pseudo_labeled_samples_ratio: 0.6000000000000001)
 26%|██▌       | 26/100 [01:05<03:06,  2.51s/it]
Validation accuracy: 68.07%
Test accuracy: 63.89%

Iteration 4 (cur_pseudo_labeled_samples_ratio: 0.8)
 33%|███▎      | 33/100 [01:41<03:26,  3.09s/it]
Validation accuracy: 68.34%
Test accuracy: 64.87%

Iteration 5 (cur_pseudo_labeled_samples_ratio: 1.0)
 19%|█▉        | 19/100 [01:11<05:05,  3.77s/it]
Validation accuracy: 69.02%
[I 2024-05-26 22:26:07,353] Trial 11 finished with value: 0.6902173757553101 and parameters: {}. Best is trial 4 with value: 0.72826087474823.
Test accuracy: 66.97%
Iteration 0 (cur_pseudo_labeled_samples_ratio: 0.0)
 38%|███▊      | 38/100 [00:26<00:43,  1.42it/s]
Validation accuracy: 68.89%
Test accuracy: 64.51%

Iteration 1 (cur_pseudo_labeled_samples_ratio: 0.2)
 38%|███▊      | 38/100 [00:49<01:20,  1.29s/it]
Validation accuracy: 68.34%
Test accuracy: 63.18%

Iteration 2 (cur_pseudo_labeled_samples_ratio: 0.4)
 26%|██▌       | 26/100 [00:49<02:21,  1.92s/it]
Validation accuracy: 64.95%
Test accuracy: 63.75%

Iteration 3 (cur_pseudo_labeled_samples_ratio: 0.6000000000000001)
 35%|███▌      | 35/100 [01:27<02:42,  2.49s/it]
Validation accuracy: 65.08%
Test accuracy: 61.82%

Iteration 4 (cur_pseudo_labeled_samples_ratio: 0.8)
 29%|██▉       | 29/100 [01:30<03:40,  3.11s/it]
Validation accuracy: 65.08%
Test accuracy: 63.04%

Iteration 5 (cur_pseudo_labeled_samples_ratio: 1.0)
 20%|██        | 20/100 [01:15<05:00,  3.76s/it]
Validation accuracy: 65.62%
