[I 2024-05-26 22:33:58,721] Trial 12 finished with value: 0.65625 and parameters: {}. Best is trial 4 with value: 0.72826087474823.
Test accuracy: 63.01%
Iteration 0 (cur_pseudo_labeled_samples_ratio: 0.0)
 56%|█████▌    | 56/100 [00:38<00:30,  1.46it/s]
Validation accuracy: 67.80%
Test accuracy: 64.54%

Iteration 1 (cur_pseudo_labeled_samples_ratio: 0.2)
 24%|██▍       | 24/100 [00:31<01:39,  1.31s/it]
Validation accuracy: 71.33%
Test accuracy: 69.15%

Iteration 2 (cur_pseudo_labeled_samples_ratio: 0.4)
 29%|██▉       | 29/100 [00:55<02:15,  1.90s/it]
Validation accuracy: 69.97%
Test accuracy: 67.46%

Iteration 3 (cur_pseudo_labeled_samples_ratio: 0.6000000000000001)
 15%|█▌        | 15/100 [00:37<03:30,  2.48s/it]

1% labeled:

hyperparameters:
batch_size_exp = 4
last_layer_lr_exp = -3.862332103325873
last_layer_weight_decay_exp = -2.520447729733064
second_last_layer_unfreeze_epoch = 6
second_last_layer_lr_exp = -3.7985851526938648
second_last_layer_weight_decay_exp = -2.218563662514852
third_last_layer_unfreeze_epoch = 6
third_last_layer_lr_exp = -3.636363070796339
third_last_layer_weight_decay_exp = -1.9693380362468311

test accuracies (%):
purely supervised:
65.58, 65.63, 59.01, 61.68, 63.83, 63.97, 64.30, 62.61, 61.87, 62.99
curriculum labeling (from iteration with highest val):
67.84, 65.63, 66.94, 66.34, 70.18, 65.58, 64.79, 63.23, 67.35, 66.67
curriculum labeling (from last iteration):
69.58, 62.14, 66.94, 66.34, 70.43, 65.58, 64.79, 63.23, 67.35, 61.05


-----------------------------------------------------------------------

curriculum learning - 10% labeled:
[I 2024-05-25 16:02:56,862] A new study created in memory with name: no-name-f8b83625-92a6-4be7-bb99-4fcbfc7c8043
Iteration 0 (cur_pseudo_labeled_samples_ratio: 0.0)
 22%|██▏       | 22/100 [00:19<01:09,  1.13it/s]
Validation accuracy: 87.64%
Test accuracy: 85.12%

Iteration 1 (cur_pseudo_labeled_samples_ratio: 0.2)
 30%|███       | 30/100 [00:41<01:36,  1.38s/it]
Validation accuracy: 88.18%
Test accuracy: 85.45%

Iteration 2 (cur_pseudo_labeled_samples_ratio: 0.4)
 29%|██▉       | 29/100 [00:53<02:11,  1.86s/it]
Validation accuracy: 88.99%
Test accuracy: 84.90%

Iteration 3 (cur_pseudo_labeled_samples_ratio: 0.6000000000000001)
 22%|██▏       | 22/100 [00:51<03:02,  2.34s/it]
Validation accuracy: 88.86%
Test accuracy: 84.87%

Iteration 4 (cur_pseudo_labeled_samples_ratio: 0.8)
 30%|███       | 30/100 [01:25<03:18,  2.83s/it]
Validation accuracy: 89.54%
Test accuracy: 86.56%

Iteration 5 (cur_pseudo_labeled_samples_ratio: 1.0)
 17%|█▋        | 17/100 [00:57<04:39,  3.36s/it]
Validation accuracy: 90.62%
[I 2024-05-25 16:09:31,869] Trial 0 finished with value: 0.90625 and parameters: {}. Best is trial 0 with value: 0.90625.
Test accuracy: 87.52%
Iteration 0 (cur_pseudo_labeled_samples_ratio: 0.0)
 31%|███       | 31/100 [00:26<00:58,  1.18it/s]
Validation accuracy: 88.86%
Test accuracy: 86.94%

Iteration 1 (cur_pseudo_labeled_samples_ratio: 0.2)
 29%|██▉       | 29/100 [00:38<01:35,  1.34s/it]
Validation accuracy: 88.99%
Test accuracy: 87.16%

Iteration 2 (cur_pseudo_labeled_samples_ratio: 0.4)
 42%|████▏     | 42/100 [01:15<01:44,  1.80s/it]
Validation accuracy: 89.81%
Test accuracy: 86.32%

Iteration 3 (cur_pseudo_labeled_samples_ratio: 0.6000000000000001)
 15%|█▌        | 15/100 [00:35<03:23,  2.39s/it]
Validation accuracy: 89.67%
Test accuracy: 86.07%

Iteration 4 (cur_pseudo_labeled_samples_ratio: 0.8)
 14%|█▍        | 14/100 [00:40<04:11,  2.92s/it]
Validation accuracy: 88.86%
Test accuracy: 87.08%

Iteration 5 (cur_pseudo_labeled_samples_ratio: 1.0)
 20%|██        | 20/100 [01:07<04:30,  3.38s/it]
Validation accuracy: 89.40%
[I 2024-05-25 16:15:49,207] Trial 1 finished with value: 0.89402174949646 and parameters: {}. Best is trial 0 with value: 0.90625.
Test accuracy: 87.65%
Iteration 0 (cur_pseudo_labeled_samples_ratio: 0.0)
 24%|██▍       | 24/100 [00:20<01:05,  1.16it/s]
Validation accuracy: 88.86%
Test accuracy: 86.26%

Iteration 1 (cur_pseudo_labeled_samples_ratio: 0.2)
 44%|████▍     | 44/100 [00:58<01:14,  1.32s/it]
Validation accuracy: 88.86%
Test accuracy: 85.83%

Iteration 2 (cur_pseudo_labeled_samples_ratio: 0.4)
 19%|█▉        | 19/100 [00:35<02:31,  1.87s/it]
Validation accuracy: 88.86%
Test accuracy: 86.26%

Iteration 3 (cur_pseudo_labeled_samples_ratio: 0.6000000000000001)
 25%|██▌       | 25/100 [00:58<02:56,  2.35s/it]
Validation accuracy: 89.54%
Test accuracy: 86.56%

Iteration 4 (cur_pseudo_labeled_samples_ratio: 0.8)
 38%|███▊      | 38/100 [01:45<02:52,  2.78s/it]
Validation accuracy: 89.81%
Test accuracy: 87.41%

Iteration 5 (cur_pseudo_labeled_samples_ratio: 1.0)
 21%|██        | 21/100 [01:11<04:29,  3.41s/it]
Validation accuracy: 90.22%
[I 2024-05-25 16:23:17,192] Trial 2 finished with value: 0.9021739363670349 and parameters: {}. Best is trial 0 with value: 0.90625.
Test accuracy: 87.16%
Iteration 0 (cur_pseudo_labeled_samples_ratio: 0.0)
 25%|██▌       | 25/100 [00:21<01:04,  1.17it/s]
Validation accuracy: 89.54%
Test accuracy: 86.54%

Iteration 1 (cur_pseudo_labeled_samples_ratio: 0.2)
 31%|███       | 31/100 [00:41<01:32,  1.34s/it]
Validation accuracy: 89.95%
Test accuracy: 86.81%

Iteration 2 (cur_pseudo_labeled_samples_ratio: 0.4)
 31%|███       | 31/100 [00:56<02:05,  1.82s/it]
Validation accuracy: 90.22%
Test accuracy: 87.35%

Iteration 3 (cur_pseudo_labeled_samples_ratio: 0.6000000000000001)
 28%|██▊       | 28/100 [01:04<02:46,  2.31s/it]
Validation accuracy: 89.95%
Test accuracy: 87.54%

Iteration 4 (cur_pseudo_labeled_samples_ratio: 0.8)
 27%|██▋       | 27/100 [01:16<03:25,  2.82s/it]
Validation accuracy: 90.76%
Test accuracy: 88.66%

Iteration 5 (cur_pseudo_labeled_samples_ratio: 1.0)
 17%|█▋        | 17/100 [00:57<04:39,  3.37s/it]
Validation accuracy: 91.03%
[I 2024-05-25 16:30:12,668] Trial 3 finished with value: 0.9103261232376099 and parameters: {}. Best is trial 3 with value: 0.9103261232376099.
Test accuracy: 88.93%
Iteration 0 (cur_pseudo_labeled_samples_ratio: 0.0)
 50%|█████     | 50/100 [00:41<00:41,  1.21it/s]
Validation accuracy: 87.91%
Test accuracy: 84.25%

Iteration 1 (cur_pseudo_labeled_samples_ratio: 0.2)
 24%|██▍       | 24/100 [00:32<01:42,  1.35s/it]
Validation accuracy: 87.36%
Test accuracy: 84.22%

Iteration 2 (cur_pseudo_labeled_samples_ratio: 0.4)
 22%|██▏       | 22/100 [00:40<02:23,  1.84s/it]
Validation accuracy: 87.36%
Test accuracy: 84.38%

Iteration 3 (cur_pseudo_labeled_samples_ratio: 0.6000000000000001)
 39%|███▉      | 39/100 [01:29<02:20,  2.30s/it]
Validation accuracy: 87.77%
Test accuracy: 84.52%

Iteration 4 (cur_pseudo_labeled_samples_ratio: 0.8)
 29%|██▉       | 29/100 [01:21<03:18,  2.80s/it]
Validation accuracy: 88.99%
Test accuracy: 85.80%

Iteration 5 (cur_pseudo_labeled_samples_ratio: 1.0)
 20%|██        | 20/100 [01:06<04:26,  3.34s/it]
Validation accuracy: 89.27%
[I 2024-05-25 16:37:42,680] Trial 4 finished with value: 0.8926630616188049 and parameters: {}. Best is trial 3 with value: 0.9103261232376099.
Test accuracy: 86.43%
Iteration 0 (cur_pseudo_labeled_samples_ratio: 0.0)
 27%|██▋       | 27/100 [00:23<01:02,  1.17it/s]
Validation accuracy: 89.27%
Test accuracy: 87.41%

Iteration 1 (cur_pseudo_labeled_samples_ratio: 0.2)
 22%|██▏       | 22/100 [00:29<01:45,  1.36s/it]
Validation accuracy: 88.18%
Test accuracy: 85.88%

Iteration 2 (cur_pseudo_labeled_samples_ratio: 0.4)
 26%|██▌       | 26/100 [00:47<02:14,  1.82s/it]
Validation accuracy: 88.32%
Test accuracy: 84.55%

Iteration 3 (cur_pseudo_labeled_samples_ratio: 0.6000000000000001)
 35%|███▌      | 35/100 [01:20<02:29,  2.30s/it]
Validation accuracy: 87.23%
Test accuracy: 84.90%

Iteration 4 (cur_pseudo_labeled_samples_ratio: 0.8)
 38%|███▊      | 38/100 [01:45<02:52,  2.78s/it]
Validation accuracy: 87.50%
Test accuracy: 85.85%

Iteration 5 (cur_pseudo_labeled_samples_ratio: 1.0)
 22%|██▏       | 22/100 [01:13<04:20,  3.33s/it]
Validation accuracy: 88.86%
[I 2024-05-25 16:45:19,057] Trial 5 finished with value: 0.8885869979858398 and parameters: {}. Best is trial 3 with value: 0.9103261232376099.
Test accuracy: 86.59%
Iteration 0 (cur_pseudo_labeled_samples_ratio: 0.0)
 23%|██▎       | 23/100 [00:19<01:06,  1.16it/s]
Validation accuracy: 88.45%
Test accuracy: 86.37%

Iteration 1 (cur_pseudo_labeled_samples_ratio: 0.2)
 23%|██▎       | 23/100 [00:31<01:44,  1.36s/it]
Validation accuracy: 88.99%
Test accuracy: 84.55%

Iteration 2 (cur_pseudo_labeled_samples_ratio: 0.4)
 24%|██▍       | 24/100 [00:44<02:20,  1.84s/it]
Validation accuracy: 89.13%
Test accuracy: 85.53%

Iteration 3 (cur_pseudo_labeled_samples_ratio: 0.6000000000000001)
 28%|██▊       | 28/100 [01:05<02:47,  2.33s/it]
Validation accuracy: 89.13%
Test accuracy: 85.23%

Iteration 4 (cur_pseudo_labeled_samples_ratio: 0.8)
 19%|█▉        | 19/100 [00:54<03:50,  2.85s/it]
Validation accuracy: 89.95%
Test accuracy: 87.03%

Iteration 5 (cur_pseudo_labeled_samples_ratio: 1.0)
 32%|███▏      | 32/100 [01:44<03:42,  3.28s/it]
Validation accuracy: 90.76%
[I 2024-05-25 16:52:14,080] Trial 6 finished with value: 0.907608687877655 and parameters: {}. Best is trial 3 with value: 0.9103261232376099.
Test accuracy: 86.81%
Iteration 0 (cur_pseudo_labeled_samples_ratio: 0.0)
 37%|███▋      | 37/100 [00:30<00:52,  1.20it/s]
Validation accuracy: 87.91%
Test accuracy: 86.54%

Iteration 1 (cur_pseudo_labeled_samples_ratio: 0.2)
 29%|██▉       | 29/100 [00:38<01:35,  1.34s/it]
Validation accuracy: 88.45%
Test accuracy: 86.86%

Iteration 2 (cur_pseudo_labeled_samples_ratio: 0.4)
 19%|█▉        | 19/100 [00:35<02:29,  1.85s/it]
Validation accuracy: 87.91%
Test accuracy: 85.12%

Iteration 3 (cur_pseudo_labeled_samples_ratio: 0.6000000000000001)
 29%|██▉       | 29/100 [01:07<02:44,  2.31s/it]
Validation accuracy: 87.77%
Test accuracy: 85.99%

Iteration 4 (cur_pseudo_labeled_samples_ratio: 0.8)
 23%|██▎       | 23/100 [01:05<03:38,  2.83s/it]
Validation accuracy: 88.32%
Test accuracy: 86.13%

Iteration 5 (cur_pseudo_labeled_samples_ratio: 1.0)
 29%|██▉       | 29/100 [01:35<03:53,  3.29s/it]
Validation accuracy: 89.54%
[I 2024-05-25 16:59:21,564] Trial 7 finished with value: 0.895380437374115 and parameters: {}. Best is trial 3 with value: 0.9103261232376099.
Test accuracy: 86.75%
Iteration 0 (cur_pseudo_labeled_samples_ratio: 0.0)
 24%|██▍       | 24/100 [00:20<01:05,  1.17it/s]
Validation accuracy: 87.77%
Test accuracy: 86.24%

Iteration 1 (cur_pseudo_labeled_samples_ratio: 0.2)
 31%|███       | 31/100 [00:41<01:32,  1.33s/it]
Validation accuracy: 88.99%
Test accuracy: 85.88%

Iteration 2 (cur_pseudo_labeled_samples_ratio: 0.4)
 27%|██▋       | 27/100 [00:49<02:14,  1.84s/it]
Validation accuracy: 89.81%
Test accuracy: 86.37%

Iteration 3 (cur_pseudo_labeled_samples_ratio: 0.6000000000000001)
 22%|██▏       | 22/100 [00:52<03:04,  2.37s/it]
Validation accuracy: 89.54%
Test accuracy: 87.49%

Iteration 4 (cur_pseudo_labeled_samples_ratio: 0.8)
 18%|█▊        | 18/100 [00:51<03:56,  2.88s/it]
Validation accuracy: 90.22%
Test accuracy: 87.95%

Iteration 5 (cur_pseudo_labeled_samples_ratio: 1.0)
 28%|██▊       | 28/100 [01:32<03:58,  3.31s/it]
Validation accuracy: 90.49%
[I 2024-05-25 17:06:00,914] Trial 8 finished with value: 0.904891312122345 and parameters: {}. Best is trial 3 with value: 0.9103261232376099.
Test accuracy: 88.23%
Iteration 0 (cur_pseudo_labeled_samples_ratio: 0.0)
 31%|███       | 31/100 [00:26<00:58,  1.18it/s]
Validation accuracy: 88.32%
Test accuracy: 84.85%

Iteration 1 (cur_pseudo_labeled_samples_ratio: 0.2)
 16%|█▌        | 16/100 [00:22<01:56,  1.39s/it]
Validation accuracy: 87.77%
Test accuracy: 85.80%

Iteration 2 (cur_pseudo_labeled_samples_ratio: 0.4)
 36%|███▌      | 36/100 [01:05<01:55,  1.81s/it]
Validation accuracy: 88.99%
Test accuracy: 85.06%

Iteration 3 (cur_pseudo_labeled_samples_ratio: 0.6000000000000001)
 25%|██▌       | 25/100 [00:58<02:55,  2.34s/it]
Validation accuracy: 88.72%
Test accuracy: 85.50%

Iteration 4 (cur_pseudo_labeled_samples_ratio: 0.8)
 39%|███▉      | 39/100 [01:48<02:49,  2.78s/it]
Validation accuracy: 88.72%
Test accuracy: 85.28%

Iteration 5 (cur_pseudo_labeled_samples_ratio: 1.0)
 18%|█▊        | 18/100 [01:00<04:33,  3.34s/it]
Validation accuracy: 89.13%
[I 2024-05-25 17:13:06,696] Trial 9 finished with value: 0.8913043737411499 and parameters: {}. Best is trial 3 with value: 0.9103261232376099.
Test accuracy: 85.69%

10% labeled:

hyperparameters:
batch_size_exp = 4
last_layer_lr_exp = -3.398996144030407
last_layer_weight_decay_exp = -2.9795978148010187
second_last_layer_unfreeze_epoch = 2
second_last_layer_lr_exp = -2.3972013987487255
second_last_layer_weight_decay_exp = -2.8294881275940478
third_last_layer_unfreeze_epoch = 2
third_last_layer_lr_exp = -3.7342530953948434
third_last_layer_weight_decay_exp = -3.4232783899429546

test accuracies (%):
purely supervised:
85.12, 86.94, 86.26, 86.54, 84.25, 87.41, 86.37, 86.54, 86.24, 84.85
curriculum labeling (from iteration with highest val):
87.52, 86.32, 87.16, 88.93, 86.43, 87.41, 86.81, 86.75, 88.23, 85.69
curriculum labeling (from last iteration):
87.52, 87.65, 87.16, 88.93, 86.43, 86.59, 86.81, 86.75, 88.23, 85.69


-----------------------------------------------------------------------

curriculum learning - 50% labeled:
[I 2024-05-25 19:25:57,751] A new study created in memory with name: no-name-e72198f1-3625-427d-a36b-4456078f7f1c
Iteration 0 (cur_pseudo_labeled_samples_ratio: 0.0)
 28%|██▊       | 28/100 [00:55<02:23,  2.00s/it]
Validation accuracy: 93.21%
Test accuracy: 90.87%

Iteration 1 (cur_pseudo_labeled_samples_ratio: 0.2)
 28%|██▊       | 28/100 [01:03<02:44,  2.29s/it]
Validation accuracy: 93.21%
Test accuracy: 91.06%

Iteration 2 (cur_pseudo_labeled_samples_ratio: 0.4)
 25%|██▌       | 25/100 [01:04<03:12,  2.56s/it]
Validation accuracy: 93.07%
Test accuracy: 90.87%

Iteration 3 (cur_pseudo_labeled_samples_ratio: 0.6000000000000001)
 31%|███       | 31/100 [01:27<03:14,  2.82s/it]
Validation accuracy: 93.34%
Test accuracy: 90.73%

Iteration 4 (cur_pseudo_labeled_samples_ratio: 0.8)
  0%|          | 0/100 [00:00<?, ?it/s]c:\Users\georg\anaconda3\envs\kth_deep_learning_project\lib\site-packages\torch\nn\modules\conv.py:456: UserWarning: Plan failed with a cudnnException: CUDNN_BACKEND_EXECUTION_PLAN_DESCRIPTOR: cudnnFinalize Descriptor Failed cudnn_status: CUDNN_STATUS_NOT_SUPPORTED (Triggered internally at ..\aten\src\ATen\native\cudnn\Conv_v8.cpp:919.)
  return F.conv2d(input, weight, bias, self.stride,
 36%|███▌      | 36/100 [01:50<03:16,  3.08s/it]
Validation accuracy: 93.21%
Test accuracy: 90.32%

Iteration 5 (cur_pseudo_labeled_samples_ratio: 1.0)
 39%|███▉      | 39/100 [02:10<03:24,  3.35s/it]
Validation accuracy: 93.48%
[I 2024-05-25 19:36:12,972] Trial 0 finished with value: 0.9347826242446899 and parameters: {}. Best is trial 0 with value: 0.9347826242446899.
Test accuracy: 90.11%
Iteration 0 (cur_pseudo_labeled_samples_ratio: 0.0)
 28%|██▊       | 28/100 [00:56<02:24,  2.01s/it]
Validation accuracy: 93.21%
Test accuracy: 90.60%

Iteration 1 (cur_pseudo_labeled_samples_ratio: 0.2)
 32%|███▏      | 32/100 [01:12<02:33,  2.26s/it]
Validation accuracy: 93.21%
Test accuracy: 89.92%

Iteration 2 (cur_pseudo_labeled_samples_ratio: 0.4)
 33%|███▎      | 33/100 [01:23<02:50,  2.54s/it]
Validation accuracy: 93.21%
Test accuracy: 89.86%

Iteration 3 (cur_pseudo_labeled_samples_ratio: 0.6000000000000001)
 28%|██▊       | 28/100 [01:19<03:23,  2.83s/it]
Validation accuracy: 94.02%
Test accuracy: 90.52%

Iteration 4 (cur_pseudo_labeled_samples_ratio: 0.8)
 31%|███       | 31/100 [01:36<03:35,  3.12s/it]
Validation accuracy: 93.61%
Test accuracy: 90.54%

Iteration 5 (cur_pseudo_labeled_samples_ratio: 1.0)
 29%|██▉       | 29/100 [01:38<04:00,  3.39s/it]
Validation accuracy: 94.02%
[I 2024-05-25 19:46:07,816] Trial 1 finished with value: 0.9402174353599548 and parameters: {}. Best is trial 1 with value: 0.9402174353599548.
Test accuracy: 90.65%
Iteration 0 (cur_pseudo_labeled_samples_ratio: 0.0)
 31%|███       | 31/100 [01:01<02:17,  1.99s/it]
Validation accuracy: 92.93%
Test accuracy: 90.60%

Iteration 1 (cur_pseudo_labeled_samples_ratio: 0.2)
 23%|██▎       | 23/100 [00:52<02:57,  2.30s/it]
Validation accuracy: 92.80%
Test accuracy: 90.95%

Iteration 2 (cur_pseudo_labeled_samples_ratio: 0.4)
 29%|██▉       | 29/100 [01:13<03:00,  2.54s/it]
Validation accuracy: 93.07%
Test accuracy: 91.03%

Iteration 3 (cur_pseudo_labeled_samples_ratio: 0.6000000000000001)
 38%|███▊      | 38/100 [01:46<02:53,  2.79s/it]
Validation accuracy: 93.07%
Test accuracy: 90.27%

Iteration 4 (cur_pseudo_labeled_samples_ratio: 0.8)
 22%|██▏       | 22/100 [01:08<04:03,  3.13s/it]
Validation accuracy: 92.93%
Test accuracy: 90.43%

Iteration 5 (cur_pseudo_labeled_samples_ratio: 1.0)
 23%|██▎       | 23/100 [01:18<04:21,  3.40s/it]
Validation accuracy: 92.80%
[I 2024-05-25 19:55:12,175] Trial 2 finished with value: 0.92798912525177 and parameters: {}. Best is trial 1 with value: 0.9402174353599548.
Test accuracy: 90.46%
Iteration 0 (cur_pseudo_labeled_samples_ratio: 0.0)
 36%|███▌      | 36/100 [01:10<02:06,  1.97s/it]
Validation accuracy: 92.66%
Test accuracy: 91.03%

Iteration 1 (cur_pseudo_labeled_samples_ratio: 0.2)
 23%|██▎       | 23/100 [00:52<02:57,  2.30s/it]
Validation accuracy: 91.98%
Test accuracy: 90.73%

Iteration 2 (cur_pseudo_labeled_samples_ratio: 0.4)
 29%|██▉       | 29/100 [01:13<03:00,  2.54s/it]
Validation accuracy: 92.66%
Test accuracy: 90.46%

Iteration 3 (cur_pseudo_labeled_samples_ratio: 0.6000000000000001)
 18%|█▊        | 18/100 [00:51<03:55,  2.88s/it]
Validation accuracy: 92.12%
Test accuracy: 89.92%

Iteration 4 (cur_pseudo_labeled_samples_ratio: 0.8)
 31%|███       | 31/100 [01:35<03:33,  3.09s/it]
Validation accuracy: 92.93%
Test accuracy: 91.03%

Iteration 5 (cur_pseudo_labeled_samples_ratio: 1.0)
 23%|██▎       | 23/100 [01:18<04:21,  3.40s/it]
Validation accuracy: 93.48%
[I 2024-05-25 20:03:56,501] Trial 3 finished with value: 0.9347826242446899 and parameters: {}. Best is trial 1 with value: 0.9402174353599548.
Test accuracy: 90.46%
Iteration 0 (cur_pseudo_labeled_samples_ratio: 0.0)
 29%|██▉       | 29/100 [00:57<02:21,  1.99s/it]
Validation accuracy: 92.53%
Test accuracy: 90.62%

Iteration 1 (cur_pseudo_labeled_samples_ratio: 0.2)
 28%|██▊       | 28/100 [01:03<02:42,  2.26s/it]
Validation accuracy: 92.80%
Test accuracy: 90.52%

Iteration 2 (cur_pseudo_labeled_samples_ratio: 0.4)
 31%|███       | 31/100 [01:18<02:54,  2.53s/it]
Validation accuracy: 93.07%
Test accuracy: 90.73%

Iteration 3 (cur_pseudo_labeled_samples_ratio: 0.6000000000000001)
 21%|██        | 21/100 [00:59<03:44,  2.84s/it]
Validation accuracy: 93.07%
Test accuracy: 91.14%

Iteration 4 (cur_pseudo_labeled_samples_ratio: 0.8)
 20%|██        | 20/100 [01:02<04:10,  3.13s/it]
Validation accuracy: 93.21%
Test accuracy: 90.81%

Iteration 5 (cur_pseudo_labeled_samples_ratio: 1.0)
 28%|██▊       | 28/100 [01:34<04:02,  3.36s/it]
Validation accuracy: 93.34%
[I 2024-05-25 20:12:24,678] Trial 4 finished with value: 0.9334239363670349 and parameters: {}. Best is trial 1 with value: 0.9402174353599548.
Test accuracy: 90.46%
Iteration 0 (cur_pseudo_labeled_samples_ratio: 0.0)
 41%|████      | 41/100 [01:20<01:55,  1.97s/it]
Validation accuracy: 93.34%
Test accuracy: 90.32%

Iteration 1 (cur_pseudo_labeled_samples_ratio: 0.2)
 36%|███▌      | 36/100 [01:20<02:23,  2.25s/it]
Validation accuracy: 93.07%
Test accuracy: 90.62%

Iteration 2 (cur_pseudo_labeled_samples_ratio: 0.4)
 24%|██▍       | 24/100 [01:00<03:12,  2.54s/it]
Validation accuracy: 92.80%
Test accuracy: 90.68%

Iteration 3 (cur_pseudo_labeled_samples_ratio: 0.6000000000000001)
 34%|███▍      | 34/100 [01:34<03:03,  2.78s/it]
Validation accuracy: 93.07%
Test accuracy: 90.54%

Iteration 4 (cur_pseudo_labeled_samples_ratio: 0.8)
 22%|██▏       | 22/100 [01:08<04:02,  3.11s/it]
Validation accuracy: 93.21%
Test accuracy: 90.84%

Iteration 5 (cur_pseudo_labeled_samples_ratio: 1.0)
 24%|██▍       | 24/100 [01:20<04:15,  3.36s/it]
Validation accuracy: 92.66%
[I 2024-05-25 20:21:45,734] Trial 5 finished with value: 0.926630437374115 and parameters: {}. Best is trial 1 with value: 0.9402174353599548.
Test accuracy: 90.32%
Iteration 0 (cur_pseudo_labeled_samples_ratio: 0.0)
 30%|███       | 30/100 [00:59<02:18,  1.98s/it]
Validation accuracy: 92.93%
Test accuracy: 90.81%

Iteration 1 (cur_pseudo_labeled_samples_ratio: 0.2)
 25%|██▌       | 25/100 [00:56<02:50,  2.27s/it]
Validation accuracy: 92.39%
Test accuracy: 91.20%

Iteration 2 (cur_pseudo_labeled_samples_ratio: 0.4)
 25%|██▌       | 25/100 [01:03<03:09,  2.53s/it]
Validation accuracy: 92.93%
Test accuracy: 91.09%

Iteration 3 (cur_pseudo_labeled_samples_ratio: 0.6000000000000001)
 27%|██▋       | 27/100 [01:15<03:24,  2.80s/it]
Validation accuracy: 92.80%
Test accuracy: 91.09%

Iteration 4 (cur_pseudo_labeled_samples_ratio: 0.8)
 21%|██        | 21/100 [01:05<04:06,  3.12s/it]
Validation accuracy: 92.80%
Test accuracy: 91.01%

Iteration 5 (cur_pseudo_labeled_samples_ratio: 1.0)
 19%|█▉        | 19/100 [01:04<04:34,  3.39s/it]
Validation accuracy: 93.07%
